{"/Users/j3mpa/Projects/packages/solid-hammers/functions/index.ts": {"path":"/Users/j3mpa/Projects/packages/solid-hammers/functions/index.ts","statementMap":{"0":{"start":{"line":2,"column":22},"end":{"line":8,"column":3}},"1":{"start":{"line":3,"column":4},"end":{"line":3,"column":33}},"2":{"start":{"line":3,"column":26},"end":{"line":3,"column":33}},"3":{"start":{"line":4,"column":4},"end":{"line":4,"column":89}},"4":{"start":{"line":4,"column":71},"end":{"line":4,"column":83}},"5":{"start":{"line":6,"column":4},"end":{"line":6,"column":33}},"6":{"start":{"line":6,"column":26},"end":{"line":6,"column":33}},"7":{"start":{"line":7,"column":4},"end":{"line":7,"column":17}},"8":{"start":{"line":9,"column":19},"end":{"line":11,"column":1}},"9":{"start":{"line":10,"column":4},"end":{"line":10,"column":126}},"10":{"start":{"line":10,"column":21},"end":{"line":10,"column":126}},"11":{"start":{"line":10,"column":95},"end":{"line":10,"column":126}},"12":{"start":{"line":12,"column":0},"end":{"line":12,"column":62}},"13":{"start":{"line":13,"column":0},"end":{"line":13,"column":43}},"14":{"start":{"line":14,"column":0},"end":{"line":14,"column":43}},"15":{"start":{"line":15,"column":0},"end":{"line":15,"column":43}}},"fnMap":{"0":{"name":"(anonymous_0)","decl":{"start":{"line":2,"column":74},"end":{"line":2,"column":75}},"loc":{"start":{"line":2,"column":96},"end":{"line":5,"column":1}},"line":2},"1":{"name":"(anonymous_1)","decl":{"start":{"line":4,"column":58},"end":{"line":4,"column":59}},"loc":{"start":{"line":4,"column":69},"end":{"line":4,"column":85}},"line":4},"2":{"name":"(anonymous_2)","decl":{"start":{"line":5,"column":6},"end":{"line":5,"column":7}},"loc":{"start":{"line":5,"column":28},"end":{"line":8,"column":1}},"line":5},"3":{"name":"(anonymous_3)","decl":{"start":{"line":9,"column":50},"end":{"line":9,"column":51}},"loc":{"start":{"line":9,"column":71},"end":{"line":11,"column":1}},"line":9}},"branchMap":{"0":{"loc":{"start":{"line":2,"column":22},"end":{"line":8,"column":3}},"type":"binary-expr","locations":[{"start":{"line":2,"column":23},"end":{"line":2,"column":27}},{"start":{"line":2,"column":31},"end":{"line":2,"column":51}},{"start":{"line":2,"column":57},"end":{"line":8,"column":2}}],"line":2},"1":{"loc":{"start":{"line":2,"column":57},"end":{"line":8,"column":2}},"type":"cond-expr","locations":[{"start":{"line":2,"column":74},"end":{"line":5,"column":1}},{"start":{"line":5,"column":6},"end":{"line":8,"column":1}}],"line":2},"2":{"loc":{"start":{"line":3,"column":4},"end":{"line":3,"column":33}},"type":"if","locations":[{"start":{"line":3,"column":4},"end":{"line":3,"column":33}},{"start":{},"end":{}}],"line":3},"3":{"loc":{"start":{"line":6,"column":4},"end":{"line":6,"column":33}},"type":"if","locations":[{"start":{"line":6,"column":4},"end":{"line":6,"column":33}},{"start":{},"end":{}}],"line":6},"4":{"loc":{"start":{"line":9,"column":19},"end":{"line":11,"column":1}},"type":"binary-expr","locations":[{"start":{"line":9,"column":20},"end":{"line":9,"column":24}},{"start":{"line":9,"column":28},"end":{"line":9,"column":45}},{"start":{"line":9,"column":50},"end":{"line":11,"column":1}}],"line":9},"5":{"loc":{"start":{"line":10,"column":21},"end":{"line":10,"column":126}},"type":"if","locations":[{"start":{"line":10,"column":21},"end":{"line":10,"column":126}},{"start":{},"end":{}}],"line":10},"6":{"loc":{"start":{"line":10,"column":25},"end":{"line":10,"column":93}},"type":"binary-expr","locations":[{"start":{"line":10,"column":25},"end":{"line":10,"column":40}},{"start":{"line":10,"column":44},"end":{"line":10,"column":93}}],"line":10}},"s":{"0":1,"1":37,"2":37,"3":37,"4":10,"5":0,"6":0,"7":0,"8":1,"9":3,"10":37,"11":37,"12":1,"13":1,"14":1,"15":1},"f":{"0":37,"1":10,"2":0,"3":3},"b":{"0":[1,1,1],"1":[1,0],"2":[37,0],"3":[0,0],"4":[1,1,1],"5":[37,0],"6":[37,37]},"inputSourceMap":null,"_coverageSchema":"1a1c01bbd47fc00a2c39e90264f33305004495a9","hash":"f420f8922a6131108644a4fd627e733609dc1efd"}
,"/Users/j3mpa/Projects/packages/solid-hammers/functions/assert/equal.ts": {"path":"/Users/j3mpa/Projects/packages/solid-hammers/functions/assert/equal.ts","statementMap":{"0":{"start":{"line":2,"column":0},"end":{"line":2,"column":62}},"1":{"start":{"line":3,"column":14},"end":{"line":3,"column":50}},"2":{"start":{"line":3,"column":34},"end":{"line":3,"column":50}},"3":{"start":{"line":4,"column":0},"end":{"line":4,"column":24}}},"fnMap":{"0":{"name":"(anonymous_0)","decl":{"start":{"line":3,"column":14},"end":{"line":3,"column":15}},"loc":{"start":{"line":3,"column":34},"end":{"line":3,"column":50}},"line":3}},"branchMap":{},"s":{"0":10,"1":10,"2":0,"3":10},"f":{"0":0},"b":{},"inputSourceMap":null,"_coverageSchema":"1a1c01bbd47fc00a2c39e90264f33305004495a9","hash":"dcc7877869522bf2f044001c0df667924a6ca7b6"}
,"/Users/j3mpa/Projects/packages/solid-hammers/functions/assert/falsy.ts": {"path":"/Users/j3mpa/Projects/packages/solid-hammers/functions/assert/falsy.ts","statementMap":{"0":{"start":{"line":2,"column":0},"end":{"line":2,"column":62}},"1":{"start":{"line":3,"column":14},"end":{"line":3,"column":31}},"2":{"start":{"line":3,"column":25},"end":{"line":3,"column":31}},"3":{"start":{"line":4,"column":0},"end":{"line":4,"column":24}}},"fnMap":{"0":{"name":"(anonymous_0)","decl":{"start":{"line":3,"column":14},"end":{"line":3,"column":15}},"loc":{"start":{"line":3,"column":25},"end":{"line":3,"column":31}},"line":3}},"branchMap":{},"s":{"0":12,"1":12,"2":22,"3":12},"f":{"0":22},"b":{},"inputSourceMap":null,"_coverageSchema":"1a1c01bbd47fc00a2c39e90264f33305004495a9","hash":"8bd8acc0b292422fbc51ffa1a65c1aa824ec320d"}
,"/Users/j3mpa/Projects/packages/solid-hammers/functions/assert/falsyOr.ts": {"path":"/Users/j3mpa/Projects/packages/solid-hammers/functions/assert/falsyOr.ts","statementMap":{"0":{"start":{"line":2,"column":0},"end":{"line":2,"column":62}},"1":{"start":{"line":3,"column":16},"end":{"line":3,"column":34}},"2":{"start":{"line":4,"column":16},"end":{"line":4,"column":93}},"3":{"start":{"line":4,"column":42},"end":{"line":4,"column":92}},"4":{"start":{"line":5,"column":0},"end":{"line":5,"column":26}}},"fnMap":{"0":{"name":"(anonymous_0)","decl":{"start":{"line":4,"column":16},"end":{"line":4,"column":17}},"loc":{"start":{"line":4,"column":42},"end":{"line":4,"column":92}},"line":4}},"branchMap":{"0":{"loc":{"start":{"line":4,"column":42},"end":{"line":4,"column":92}},"type":"cond-expr","locations":[{"start":{"line":4,"column":72},"end":{"line":4,"column":77}},{"start":{"line":4,"column":80},"end":{"line":4,"column":92}}],"line":4}},"s":{"0":11,"1":11,"2":11,"3":11,"4":11},"f":{"0":11},"b":{"0":[5,6]},"inputSourceMap":null,"_coverageSchema":"1a1c01bbd47fc00a2c39e90264f33305004495a9","hash":"d433d9483d59209b14df3fc0f7377c04d28d92aa"}
,"/Users/j3mpa/Projects/packages/solid-hammers/functions/assert/ifThis.ts": {"path":"/Users/j3mpa/Projects/packages/solid-hammers/functions/assert/ifThis.ts","statementMap":{"0":{"start":{"line":2,"column":0},"end":{"line":2,"column":62}},"1":{"start":{"line":3,"column":15},"end":{"line":3,"column":32}},"2":{"start":{"line":4,"column":15},"end":{"line":8,"column":1}},"3":{"start":{"line":5,"column":26},"end":{"line":5,"column":81}},"4":{"start":{"line":6,"column":4},"end":{"line":7,"column":27}},"5":{"start":{"line":7,"column":8},"end":{"line":7,"column":27}},"6":{"start":{"line":9,"column":0},"end":{"line":9,"column":25}}},"fnMap":{"0":{"name":"(anonymous_0)","decl":{"start":{"line":4,"column":15},"end":{"line":4,"column":16}},"loc":{"start":{"line":4,"column":41},"end":{"line":8,"column":1}},"line":4}},"branchMap":{"0":{"loc":{"start":{"line":5,"column":26},"end":{"line":5,"column":81}},"type":"cond-expr","locations":[{"start":{"line":5,"column":57},"end":{"line":5,"column":71}},{"start":{"line":5,"column":74},"end":{"line":5,"column":81}}],"line":5},"1":{"loc":{"start":{"line":6,"column":4},"end":{"line":7,"column":27}},"type":"if","locations":[{"start":{"line":6,"column":4},"end":{"line":7,"column":27}},{"start":{},"end":{}}],"line":6}},"s":{"0":11,"1":11,"2":11,"3":69,"4":69,"5":16,"6":11},"f":{"0":69},"b":{"0":[69,0],"1":[16,53]},"inputSourceMap":null,"_coverageSchema":"1a1c01bbd47fc00a2c39e90264f33305004495a9","hash":"cc5bf2034cdb2901d56cd97559541efd36661407"}
,"/Users/j3mpa/Projects/packages/solid-hammers/functions/assert/index.ts": {"path":"/Users/j3mpa/Projects/packages/solid-hammers/functions/assert/index.ts","statementMap":{"0":{"start":{"line":2,"column":0},"end":{"line":2,"column":62}},"1":{"start":{"line":3,"column":0},"end":{"line":3,"column":600}},"2":{"start":{"line":4,"column":14},"end":{"line":4,"column":32}},"3":{"start":{"line":5,"column":0},"end":{"line":5,"column":108}},"4":{"start":{"line":5,"column":79},"end":{"line":5,"column":102}},"5":{"start":{"line":6,"column":14},"end":{"line":6,"column":32}},"6":{"start":{"line":7,"column":0},"end":{"line":7,"column":108}},"7":{"start":{"line":7,"column":79},"end":{"line":7,"column":102}},"8":{"start":{"line":8,"column":16},"end":{"line":8,"column":36}},"9":{"start":{"line":9,"column":0},"end":{"line":9,"column":112}},"10":{"start":{"line":9,"column":81},"end":{"line":9,"column":106}},"11":{"start":{"line":10,"column":15},"end":{"line":10,"column":34}},"12":{"start":{"line":11,"column":0},"end":{"line":11,"column":110}},"13":{"start":{"line":11,"column":80},"end":{"line":11,"column":104}},"14":{"start":{"line":12,"column":17},"end":{"line":12,"column":38}},"15":{"start":{"line":13,"column":0},"end":{"line":13,"column":114}},"16":{"start":{"line":13,"column":82},"end":{"line":13,"column":108}},"17":{"start":{"line":14,"column":16},"end":{"line":14,"column":36}},"18":{"start":{"line":15,"column":0},"end":{"line":15,"column":112}},"19":{"start":{"line":15,"column":81},"end":{"line":15,"column":106}},"20":{"start":{"line":16,"column":16},"end":{"line":16,"column":36}},"21":{"start":{"line":17,"column":0},"end":{"line":17,"column":112}},"22":{"start":{"line":17,"column":81},"end":{"line":17,"column":106}},"23":{"start":{"line":18,"column":16},"end":{"line":18,"column":36}},"24":{"start":{"line":19,"column":0},"end":{"line":19,"column":112}},"25":{"start":{"line":19,"column":81},"end":{"line":19,"column":106}},"26":{"start":{"line":20,"column":13},"end":{"line":20,"column":30}},"27":{"start":{"line":21,"column":0},"end":{"line":21,"column":106}},"28":{"start":{"line":21,"column":78},"end":{"line":21,"column":100}},"29":{"start":{"line":22,"column":19},"end":{"line":22,"column":42}},"30":{"start":{"line":23,"column":0},"end":{"line":23,"column":118}},"31":{"start":{"line":23,"column":84},"end":{"line":23,"column":112}},"32":{"start":{"line":24,"column":21},"end":{"line":24,"column":46}},"33":{"start":{"line":25,"column":0},"end":{"line":25,"column":122}},"34":{"start":{"line":25,"column":86},"end":{"line":25,"column":116}},"35":{"start":{"line":26,"column":25},"end":{"line":26,"column":54}},"36":{"start":{"line":27,"column":0},"end":{"line":27,"column":130}},"37":{"start":{"line":27,"column":90},"end":{"line":27,"column":124}},"38":{"start":{"line":28,"column":18},"end":{"line":28,"column":40}},"39":{"start":{"line":29,"column":0},"end":{"line":29,"column":116}},"40":{"start":{"line":29,"column":83},"end":{"line":29,"column":110}},"41":{"start":{"line":30,"column":17},"end":{"line":30,"column":38}},"42":{"start":{"line":31,"column":0},"end":{"line":31,"column":114}},"43":{"start":{"line":31,"column":82},"end":{"line":31,"column":108}},"44":{"start":{"line":32,"column":18},"end":{"line":32,"column":40}},"45":{"start":{"line":33,"column":0},"end":{"line":33,"column":116}},"46":{"start":{"line":33,"column":83},"end":{"line":33,"column":110}},"47":{"start":{"line":34,"column":21},"end":{"line":34,"column":46}},"48":{"start":{"line":35,"column":0},"end":{"line":35,"column":122}},"49":{"start":{"line":35,"column":86},"end":{"line":35,"column":116}},"50":{"start":{"line":36,"column":20},"end":{"line":36,"column":44}},"51":{"start":{"line":37,"column":0},"end":{"line":37,"column":120}},"52":{"start":{"line":37,"column":85},"end":{"line":37,"column":114}},"53":{"start":{"line":38,"column":22},"end":{"line":38,"column":48}},"54":{"start":{"line":39,"column":0},"end":{"line":39,"column":124}},"55":{"start":{"line":39,"column":87},"end":{"line":39,"column":118}},"56":{"start":{"line":40,"column":17},"end":{"line":40,"column":38}},"57":{"start":{"line":41,"column":0},"end":{"line":41,"column":114}},"58":{"start":{"line":41,"column":82},"end":{"line":41,"column":108}},"59":{"start":{"line":42,"column":15},"end":{"line":42,"column":34}},"60":{"start":{"line":43,"column":0},"end":{"line":43,"column":110}},"61":{"start":{"line":43,"column":80},"end":{"line":43,"column":104}},"62":{"start":{"line":44,"column":17},"end":{"line":44,"column":38}},"63":{"start":{"line":45,"column":0},"end":{"line":45,"column":114}},"64":{"start":{"line":45,"column":82},"end":{"line":45,"column":108}},"65":{"start":{"line":46,"column":17},"end":{"line":46,"column":38}},"66":{"start":{"line":47,"column":0},"end":{"line":47,"column":114}},"67":{"start":{"line":47,"column":82},"end":{"line":47,"column":108}},"68":{"start":{"line":48,"column":19},"end":{"line":48,"column":42}},"69":{"start":{"line":49,"column":0},"end":{"line":49,"column":118}},"70":{"start":{"line":49,"column":84},"end":{"line":49,"column":112}},"71":{"start":{"line":50,"column":21},"end":{"line":50,"column":46}},"72":{"start":{"line":51,"column":0},"end":{"line":51,"column":122}},"73":{"start":{"line":51,"column":86},"end":{"line":51,"column":116}},"74":{"start":{"line":52,"column":23},"end":{"line":52,"column":50}},"75":{"start":{"line":53,"column":0},"end":{"line":53,"column":126}},"76":{"start":{"line":53,"column":88},"end":{"line":53,"column":120}},"77":{"start":{"line":54,"column":16},"end":{"line":54,"column":36}},"78":{"start":{"line":55,"column":0},"end":{"line":55,"column":112}},"79":{"start":{"line":55,"column":81},"end":{"line":55,"column":106}},"80":{"start":{"line":56,"column":18},"end":{"line":56,"column":40}},"81":{"start":{"line":57,"column":0},"end":{"line":57,"column":116}},"82":{"start":{"line":57,"column":83},"end":{"line":57,"column":110}},"83":{"start":{"line":58,"column":20},"end":{"line":58,"column":44}},"84":{"start":{"line":59,"column":0},"end":{"line":59,"column":120}},"85":{"start":{"line":59,"column":85},"end":{"line":59,"column":114}},"86":{"start":{"line":60,"column":15},"end":{"line":60,"column":34}},"87":{"start":{"line":61,"column":0},"end":{"line":61,"column":110}},"88":{"start":{"line":61,"column":80},"end":{"line":61,"column":104}},"89":{"start":{"line":62,"column":17},"end":{"line":62,"column":38}},"90":{"start":{"line":63,"column":0},"end":{"line":63,"column":114}},"91":{"start":{"line":63,"column":82},"end":{"line":63,"column":108}}},"fnMap":{"0":{"name":"(anonymous_0)","decl":{"start":{"line":5,"column":65},"end":{"line":5,"column":66}},"loc":{"start":{"line":5,"column":77},"end":{"line":5,"column":104}},"line":5},"1":{"name":"(anonymous_1)","decl":{"start":{"line":7,"column":65},"end":{"line":7,"column":66}},"loc":{"start":{"line":7,"column":77},"end":{"line":7,"column":104}},"line":7},"2":{"name":"(anonymous_2)","decl":{"start":{"line":9,"column":67},"end":{"line":9,"column":68}},"loc":{"start":{"line":9,"column":79},"end":{"line":9,"column":108}},"line":9},"3":{"name":"(anonymous_3)","decl":{"start":{"line":11,"column":66},"end":{"line":11,"column":67}},"loc":{"start":{"line":11,"column":78},"end":{"line":11,"column":106}},"line":11},"4":{"name":"(anonymous_4)","decl":{"start":{"line":13,"column":68},"end":{"line":13,"column":69}},"loc":{"start":{"line":13,"column":80},"end":{"line":13,"column":110}},"line":13},"5":{"name":"(anonymous_5)","decl":{"start":{"line":15,"column":67},"end":{"line":15,"column":68}},"loc":{"start":{"line":15,"column":79},"end":{"line":15,"column":108}},"line":15},"6":{"name":"(anonymous_6)","decl":{"start":{"line":17,"column":67},"end":{"line":17,"column":68}},"loc":{"start":{"line":17,"column":79},"end":{"line":17,"column":108}},"line":17},"7":{"name":"(anonymous_7)","decl":{"start":{"line":19,"column":67},"end":{"line":19,"column":68}},"loc":{"start":{"line":19,"column":79},"end":{"line":19,"column":108}},"line":19},"8":{"name":"(anonymous_8)","decl":{"start":{"line":21,"column":64},"end":{"line":21,"column":65}},"loc":{"start":{"line":21,"column":76},"end":{"line":21,"column":102}},"line":21},"9":{"name":"(anonymous_9)","decl":{"start":{"line":23,"column":70},"end":{"line":23,"column":71}},"loc":{"start":{"line":23,"column":82},"end":{"line":23,"column":114}},"line":23},"10":{"name":"(anonymous_10)","decl":{"start":{"line":25,"column":72},"end":{"line":25,"column":73}},"loc":{"start":{"line":25,"column":84},"end":{"line":25,"column":118}},"line":25},"11":{"name":"(anonymous_11)","decl":{"start":{"line":27,"column":76},"end":{"line":27,"column":77}},"loc":{"start":{"line":27,"column":88},"end":{"line":27,"column":126}},"line":27},"12":{"name":"(anonymous_12)","decl":{"start":{"line":29,"column":69},"end":{"line":29,"column":70}},"loc":{"start":{"line":29,"column":81},"end":{"line":29,"column":112}},"line":29},"13":{"name":"(anonymous_13)","decl":{"start":{"line":31,"column":68},"end":{"line":31,"column":69}},"loc":{"start":{"line":31,"column":80},"end":{"line":31,"column":110}},"line":31},"14":{"name":"(anonymous_14)","decl":{"start":{"line":33,"column":69},"end":{"line":33,"column":70}},"loc":{"start":{"line":33,"column":81},"end":{"line":33,"column":112}},"line":33},"15":{"name":"(anonymous_15)","decl":{"start":{"line":35,"column":72},"end":{"line":35,"column":73}},"loc":{"start":{"line":35,"column":84},"end":{"line":35,"column":118}},"line":35},"16":{"name":"(anonymous_16)","decl":{"start":{"line":37,"column":71},"end":{"line":37,"column":72}},"loc":{"start":{"line":37,"column":83},"end":{"line":37,"column":116}},"line":37},"17":{"name":"(anonymous_17)","decl":{"start":{"line":39,"column":73},"end":{"line":39,"column":74}},"loc":{"start":{"line":39,"column":85},"end":{"line":39,"column":120}},"line":39},"18":{"name":"(anonymous_18)","decl":{"start":{"line":41,"column":68},"end":{"line":41,"column":69}},"loc":{"start":{"line":41,"column":80},"end":{"line":41,"column":110}},"line":41},"19":{"name":"(anonymous_19)","decl":{"start":{"line":43,"column":66},"end":{"line":43,"column":67}},"loc":{"start":{"line":43,"column":78},"end":{"line":43,"column":106}},"line":43},"20":{"name":"(anonymous_20)","decl":{"start":{"line":45,"column":68},"end":{"line":45,"column":69}},"loc":{"start":{"line":45,"column":80},"end":{"line":45,"column":110}},"line":45},"21":{"name":"(anonymous_21)","decl":{"start":{"line":47,"column":68},"end":{"line":47,"column":69}},"loc":{"start":{"line":47,"column":80},"end":{"line":47,"column":110}},"line":47},"22":{"name":"(anonymous_22)","decl":{"start":{"line":49,"column":70},"end":{"line":49,"column":71}},"loc":{"start":{"line":49,"column":82},"end":{"line":49,"column":114}},"line":49},"23":{"name":"(anonymous_23)","decl":{"start":{"line":51,"column":72},"end":{"line":51,"column":73}},"loc":{"start":{"line":51,"column":84},"end":{"line":51,"column":118}},"line":51},"24":{"name":"(anonymous_24)","decl":{"start":{"line":53,"column":74},"end":{"line":53,"column":75}},"loc":{"start":{"line":53,"column":86},"end":{"line":53,"column":122}},"line":53},"25":{"name":"(anonymous_25)","decl":{"start":{"line":55,"column":67},"end":{"line":55,"column":68}},"loc":{"start":{"line":55,"column":79},"end":{"line":55,"column":108}},"line":55},"26":{"name":"(anonymous_26)","decl":{"start":{"line":57,"column":69},"end":{"line":57,"column":70}},"loc":{"start":{"line":57,"column":81},"end":{"line":57,"column":112}},"line":57},"27":{"name":"(anonymous_27)","decl":{"start":{"line":59,"column":71},"end":{"line":59,"column":72}},"loc":{"start":{"line":59,"column":83},"end":{"line":59,"column":116}},"line":59},"28":{"name":"(anonymous_28)","decl":{"start":{"line":61,"column":66},"end":{"line":61,"column":67}},"loc":{"start":{"line":61,"column":78},"end":{"line":61,"column":106}},"line":61},"29":{"name":"(anonymous_29)","decl":{"start":{"line":63,"column":68},"end":{"line":63,"column":69}},"loc":{"start":{"line":63,"column":80},"end":{"line":63,"column":110}},"line":63}},"branchMap":{},"s":{"0":10,"1":10,"2":10,"3":10,"4":0,"5":10,"6":10,"7":0,"8":10,"9":10,"10":0,"11":10,"12":10,"13":0,"14":10,"15":10,"16":0,"17":10,"18":10,"19":0,"20":10,"21":10,"22":5,"23":10,"24":10,"25":0,"26":10,"27":10,"28":0,"29":10,"30":10,"31":0,"32":10,"33":10,"34":0,"35":10,"36":10,"37":0,"38":10,"39":10,"40":0,"41":10,"42":10,"43":20,"44":10,"45":10,"46":0,"47":10,"48":10,"49":73,"50":10,"51":10,"52":64,"53":10,"54":10,"55":64,"56":10,"57":10,"58":0,"59":10,"60":10,"61":0,"62":10,"63":10,"64":0,"65":10,"66":10,"67":0,"68":10,"69":10,"70":0,"71":10,"72":10,"73":0,"74":10,"75":10,"76":27,"77":10,"78":10,"79":0,"80":10,"81":10,"82":0,"83":10,"84":10,"85":5,"86":10,"87":10,"88":0,"89":10,"90":10,"91":0},"f":{"0":0,"1":0,"2":0,"3":0,"4":0,"5":0,"6":5,"7":0,"8":0,"9":0,"10":0,"11":0,"12":0,"13":20,"14":0,"15":73,"16":64,"17":64,"18":0,"19":0,"20":0,"21":0,"22":0,"23":0,"24":27,"25":0,"26":0,"27":5,"28":0,"29":0},"b":{},"inputSourceMap":null,"_coverageSchema":"1a1c01bbd47fc00a2c39e90264f33305004495a9","hash":"f4cb3f60dcc83fcaf16792ec3fa2995381509b86"}
,"/Users/j3mpa/Projects/packages/solid-hammers/functions/assert/isEqual.ts": {"path":"/Users/j3mpa/Projects/packages/solid-hammers/functions/assert/isEqual.ts","statementMap":{"0":{"start":{"line":2,"column":0},"end":{"line":2,"column":62}},"1":{"start":{"line":3,"column":16},"end":{"line":3,"column":34}},"2":{"start":{"line":4,"column":0},"end":{"line":4,"column":34}}},"fnMap":{},"branchMap":{},"s":{"0":10,"1":10,"2":10},"f":{},"b":{},"inputSourceMap":null,"_coverageSchema":"1a1c01bbd47fc00a2c39e90264f33305004495a9","hash":"be3d545b0ed7745ffd025240df3e0ab31ac77844"}
,"/Users/j3mpa/Projects/packages/solid-hammers/functions/assert/isFalse.ts": {"path":"/Users/j3mpa/Projects/packages/solid-hammers/functions/assert/isFalse.ts","statementMap":{"0":{"start":{"line":2,"column":0},"end":{"line":2,"column":62}},"1":{"start":{"line":3,"column":16},"end":{"line":3,"column":42}},"2":{"start":{"line":3,"column":27},"end":{"line":3,"column":42}},"3":{"start":{"line":4,"column":0},"end":{"line":4,"column":26}}},"fnMap":{"0":{"name":"(anonymous_0)","decl":{"start":{"line":3,"column":16},"end":{"line":3,"column":17}},"loc":{"start":{"line":3,"column":27},"end":{"line":3,"column":42}},"line":3}},"branchMap":{},"s":{"0":11,"1":11,"2":74,"3":11},"f":{"0":74},"b":{},"inputSourceMap":null,"_coverageSchema":"1a1c01bbd47fc00a2c39e90264f33305004495a9","hash":"5faea287d07eb52c6fb589e2066de18551a63c56"}
,"/Users/j3mpa/Projects/packages/solid-hammers/functions/assert/isFalsy.ts": {"path":"/Users/j3mpa/Projects/packages/solid-hammers/functions/assert/isFalsy.ts","statementMap":{"0":{"start":{"line":2,"column":0},"end":{"line":2,"column":62}},"1":{"start":{"line":3,"column":16},"end":{"line":3,"column":34}},"2":{"start":{"line":4,"column":0},"end":{"line":4,"column":34}}},"fnMap":{},"branchMap":{},"s":{"0":10,"1":10,"2":10},"f":{},"b":{},"inputSourceMap":null,"_coverageSchema":"1a1c01bbd47fc00a2c39e90264f33305004495a9","hash":"e68864b443d1597aa96e7d201fca07dcc200522f"}
,"/Users/j3mpa/Projects/packages/solid-hammers/functions/assert/isFn.ts": {"path":"/Users/j3mpa/Projects/packages/solid-hammers/functions/assert/isFn.ts","statementMap":{"0":{"start":{"line":2,"column":0},"end":{"line":2,"column":62}},"1":{"start":{"line":3,"column":22},"end":{"line":3,"column":46}},"2":{"start":{"line":4,"column":13},"end":{"line":4,"column":80}},"3":{"start":{"line":4,"column":26},"end":{"line":4,"column":80}},"4":{"start":{"line":5,"column":0},"end":{"line":5,"column":23}}},"fnMap":{"0":{"name":"(anonymous_0)","decl":{"start":{"line":4,"column":13},"end":{"line":4,"column":14}},"loc":{"start":{"line":4,"column":26},"end":{"line":4,"column":80}},"line":4}},"branchMap":{},"s":{"0":11,"1":11,"2":11,"3":69,"4":11},"f":{"0":69},"b":{},"inputSourceMap":null,"_coverageSchema":"1a1c01bbd47fc00a2c39e90264f33305004495a9","hash":"b643e0ef80da1dfd62f88007e1abc43c3b3c0373"}
,"/Users/j3mpa/Projects/packages/solid-hammers/functions/assert/isNotEqual.ts": {"path":"/Users/j3mpa/Projects/packages/solid-hammers/functions/assert/isNotEqual.ts","statementMap":{"0":{"start":{"line":2,"column":0},"end":{"line":2,"column":62}},"1":{"start":{"line":3,"column":16},"end":{"line":3,"column":34}},"2":{"start":{"line":4,"column":0},"end":{"line":4,"column":34}}},"fnMap":{},"branchMap":{},"s":{"0":10,"1":10,"2":10},"f":{},"b":{},"inputSourceMap":null,"_coverageSchema":"1a1c01bbd47fc00a2c39e90264f33305004495a9","hash":"1715b8e4399bdd4345fb8fee61557c0ae3352a01"}
,"/Users/j3mpa/Projects/packages/solid-hammers/functions/assert/isNotNullish.ts": {"path":"/Users/j3mpa/Projects/packages/solid-hammers/functions/assert/isNotNullish.ts","statementMap":{"0":{"start":{"line":2,"column":0},"end":{"line":2,"column":62}},"1":{"start":{"line":3,"column":21},"end":{"line":3,"column":44}},"2":{"start":{"line":4,"column":0},"end":{"line":4,"column":39}}},"fnMap":{},"branchMap":{},"s":{"0":10,"1":10,"2":10},"f":{},"b":{},"inputSourceMap":null,"_coverageSchema":"1a1c01bbd47fc00a2c39e90264f33305004495a9","hash":"07ab7804fa89faddaf07f80ece73345d7f7a4f6d"}
,"/Users/j3mpa/Projects/packages/solid-hammers/functions/assert/isNotStrictEqual.ts": {"path":"/Users/j3mpa/Projects/packages/solid-hammers/functions/assert/isNotStrictEqual.ts","statementMap":{"0":{"start":{"line":2,"column":0},"end":{"line":2,"column":62}},"1":{"start":{"line":3,"column":19},"end":{"line":3,"column":40}},"2":{"start":{"line":4,"column":0},"end":{"line":4,"column":37}}},"fnMap":{},"branchMap":{},"s":{"0":10,"1":10,"2":10},"f":{},"b":{},"inputSourceMap":null,"_coverageSchema":"1a1c01bbd47fc00a2c39e90264f33305004495a9","hash":"a50580f159712a98749b326c42afdeaa7b2c9938"}
,"/Users/j3mpa/Projects/packages/solid-hammers/functions/assert/isNullish.ts": {"path":"/Users/j3mpa/Projects/packages/solid-hammers/functions/assert/isNullish.ts","statementMap":{"0":{"start":{"line":2,"column":0},"end":{"line":2,"column":62}},"1":{"start":{"line":3,"column":18},"end":{"line":3,"column":38}},"2":{"start":{"line":4,"column":0},"end":{"line":4,"column":36}}},"fnMap":{},"branchMap":{},"s":{"0":10,"1":10,"2":10},"f":{},"b":{},"inputSourceMap":null,"_coverageSchema":"1a1c01bbd47fc00a2c39e90264f33305004495a9","hash":"5d9b962c3534c57f9438823f3f269173398a151a"}
,"/Users/j3mpa/Projects/packages/solid-hammers/functions/assert/isNumber.ts": {"path":"/Users/j3mpa/Projects/packages/solid-hammers/functions/assert/isNumber.ts","statementMap":{"0":{"start":{"line":2,"column":0},"end":{"line":2,"column":62}},"1":{"start":{"line":3,"column":24},"end":{"line":3,"column":50}},"2":{"start":{"line":4,"column":17},"end":{"line":4,"column":107}},"3":{"start":{"line":4,"column":28},"end":{"line":4,"column":107}},"4":{"start":{"line":5,"column":0},"end":{"line":5,"column":27}}},"fnMap":{"0":{"name":"(anonymous_0)","decl":{"start":{"line":4,"column":17},"end":{"line":4,"column":18}},"loc":{"start":{"line":4,"column":28},"end":{"line":4,"column":107}},"line":4}},"branchMap":{"0":{"loc":{"start":{"line":4,"column":28},"end":{"line":4,"column":107}},"type":"binary-expr","locations":[{"start":{"line":4,"column":28},"end":{"line":4,"column":80}},{"start":{"line":4,"column":84},"end":{"line":4,"column":107}}],"line":4}},"s":{"0":11,"1":11,"2":11,"3":281,"4":11},"f":{"0":281},"b":{"0":[281,57]},"inputSourceMap":null,"_coverageSchema":"1a1c01bbd47fc00a2c39e90264f33305004495a9","hash":"ed0488a46511f46e6ca68768101d11b2e4bee591"}
,"/Users/j3mpa/Projects/packages/solid-hammers/functions/assert/isNumbers.ts": {"path":"/Users/j3mpa/Projects/packages/solid-hammers/functions/assert/isNumbers.ts","statementMap":{"0":{"start":{"line":2,"column":0},"end":{"line":2,"column":62}},"1":{"start":{"line":3,"column":19},"end":{"line":3,"column":40}},"2":{"start":{"line":4,"column":19},"end":{"line":4,"column":40}},"3":{"start":{"line":5,"column":18},"end":{"line":7,"column":42}},"4":{"start":{"line":5,"column":36},"end":{"line":7,"column":42}},"5":{"start":{"line":8,"column":0},"end":{"line":8,"column":28}}},"fnMap":{"0":{"name":"(anonymous_0)","decl":{"start":{"line":5,"column":18},"end":{"line":5,"column":19}},"loc":{"start":{"line":5,"column":36},"end":{"line":7,"column":42}},"line":5}},"branchMap":{"0":{"loc":{"start":{"line":5,"column":36},"end":{"line":7,"column":42}},"type":"binary-expr","locations":[{"start":{"line":5,"column":36},"end":{"line":5,"column":63}},{"start":{"line":6,"column":4},"end":{"line":6,"column":48}},{"start":{"line":7,"column":4},"end":{"line":7,"column":42}}],"line":5}},"s":{"0":10,"1":10,"2":10,"3":10,"4":0,"5":10},"f":{"0":0},"b":{"0":[0,0,0]},"inputSourceMap":null,"_coverageSchema":"1a1c01bbd47fc00a2c39e90264f33305004495a9","hash":"13aacb8192a35c216da929520710472bfead5e3e"}
,"/Users/j3mpa/Projects/packages/solid-hammers/functions/assert/isObject.ts": {"path":"/Users/j3mpa/Projects/packages/solid-hammers/functions/assert/isObject.ts","statementMap":{"0":{"start":{"line":2,"column":0},"end":{"line":2,"column":62}},"1":{"start":{"line":3,"column":24},"end":{"line":3,"column":50}},"2":{"start":{"line":4,"column":27},"end":{"line":4,"column":56}},"3":{"start":{"line":5,"column":17},"end":{"line":5,"column":137}},"4":{"start":{"line":5,"column":31},"end":{"line":5,"column":137}},"5":{"start":{"line":6,"column":0},"end":{"line":6,"column":27}}},"fnMap":{"0":{"name":"(anonymous_0)","decl":{"start":{"line":5,"column":17},"end":{"line":5,"column":18}},"loc":{"start":{"line":5,"column":31},"end":{"line":5,"column":137}},"line":5}},"branchMap":{"0":{"loc":{"start":{"line":5,"column":31},"end":{"line":5,"column":137}},"type":"binary-expr","locations":[{"start":{"line":5,"column":31},"end":{"line":5,"column":86}},{"start":{"line":5,"column":90},"end":{"line":5,"column":137}}],"line":5}},"s":{"0":10,"1":10,"2":10,"3":10,"4":0,"5":10},"f":{"0":0},"b":{"0":[0,0]},"inputSourceMap":null,"_coverageSchema":"1a1c01bbd47fc00a2c39e90264f33305004495a9","hash":"7ddb0bd8933dcf2a8182849bfc8681dce99dd4ac"}
,"/Users/j3mpa/Projects/packages/solid-hammers/functions/assert/isRealNumber.ts": {"path":"/Users/j3mpa/Projects/packages/solid-hammers/functions/assert/isRealNumber.ts","statementMap":{"0":{"start":{"line":2,"column":0},"end":{"line":2,"column":62}},"1":{"start":{"line":3,"column":19},"end":{"line":3,"column":40}},"2":{"start":{"line":4,"column":21},"end":{"line":4,"column":88}},"3":{"start":{"line":4,"column":32},"end":{"line":4,"column":88}},"4":{"start":{"line":5,"column":0},"end":{"line":5,"column":31}}},"fnMap":{"0":{"name":"(anonymous_0)","decl":{"start":{"line":4,"column":21},"end":{"line":4,"column":22}},"loc":{"start":{"line":4,"column":32},"end":{"line":4,"column":88}},"line":4}},"branchMap":{"0":{"loc":{"start":{"line":4,"column":32},"end":{"line":4,"column":88}},"type":"binary-expr","locations":[{"start":{"line":4,"column":32},"end":{"line":4,"column":62}},{"start":{"line":4,"column":66},"end":{"line":4,"column":88}}],"line":4}},"s":{"0":11,"1":11,"2":11,"3":261,"4":11},"f":{"0":261},"b":{"0":[261,208]},"inputSourceMap":null,"_coverageSchema":"1a1c01bbd47fc00a2c39e90264f33305004495a9","hash":"7957b3b396123f26b70a2f243d3fa7199a1cab47"}
,"/Users/j3mpa/Projects/packages/solid-hammers/functions/assert/isRealPoint.ts": {"path":"/Users/j3mpa/Projects/packages/solid-hammers/functions/assert/isRealPoint.ts","statementMap":{"0":{"start":{"line":2,"column":0},"end":{"line":2,"column":62}},"1":{"start":{"line":3,"column":23},"end":{"line":3,"column":48}},"2":{"start":{"line":4,"column":20},"end":{"line":4,"column":94}},"3":{"start":{"line":4,"column":30},"end":{"line":4,"column":94}},"4":{"start":{"line":5,"column":0},"end":{"line":5,"column":30}}},"fnMap":{"0":{"name":"(anonymous_0)","decl":{"start":{"line":4,"column":20},"end":{"line":4,"column":21}},"loc":{"start":{"line":4,"column":30},"end":{"line":4,"column":94}},"line":4}},"branchMap":{"0":{"loc":{"start":{"line":4,"column":30},"end":{"line":4,"column":94}},"type":"binary-expr","locations":[{"start":{"line":4,"column":30},"end":{"line":4,"column":60}},{"start":{"line":4,"column":64},"end":{"line":4,"column":94}}],"line":4}},"s":{"0":10,"1":10,"2":10,"3":64,"4":10},"f":{"0":64},"b":{"0":[64,55]},"inputSourceMap":null,"_coverageSchema":"1a1c01bbd47fc00a2c39e90264f33305004495a9","hash":"8bf9778a327b09f8383a6f8144ea7e627a2fb7bf"}
,"/Users/j3mpa/Projects/packages/solid-hammers/functions/assert/isStrictEqual.ts": {"path":"/Users/j3mpa/Projects/packages/solid-hammers/functions/assert/isStrictEqual.ts","statementMap":{"0":{"start":{"line":2,"column":0},"end":{"line":2,"column":62}},"1":{"start":{"line":3,"column":22},"end":{"line":3,"column":46}},"2":{"start":{"line":4,"column":0},"end":{"line":4,"column":40}}},"fnMap":{},"branchMap":{},"s":{"0":11,"1":11,"2":11},"f":{},"b":{},"inputSourceMap":null,"_coverageSchema":"1a1c01bbd47fc00a2c39e90264f33305004495a9","hash":"b4cc5fff5f9ebc9092bda1c2317208c7dd7ae0e6"}
,"/Users/j3mpa/Projects/packages/solid-hammers/functions/assert/isString.ts": {"path":"/Users/j3mpa/Projects/packages/solid-hammers/functions/assert/isString.ts","statementMap":{"0":{"start":{"line":2,"column":0},"end":{"line":2,"column":62}},"1":{"start":{"line":3,"column":24},"end":{"line":3,"column":50}},"2":{"start":{"line":4,"column":17},"end":{"line":4,"column":107}},"3":{"start":{"line":4,"column":28},"end":{"line":4,"column":107}},"4":{"start":{"line":5,"column":0},"end":{"line":5,"column":27}}},"fnMap":{"0":{"name":"(anonymous_0)","decl":{"start":{"line":4,"column":17},"end":{"line":4,"column":18}},"loc":{"start":{"line":4,"column":28},"end":{"line":4,"column":107}},"line":4}},"branchMap":{"0":{"loc":{"start":{"line":4,"column":28},"end":{"line":4,"column":107}},"type":"binary-expr","locations":[{"start":{"line":4,"column":28},"end":{"line":4,"column":80}},{"start":{"line":4,"column":84},"end":{"line":4,"column":107}}],"line":4}},"s":{"0":10,"1":10,"2":10,"3":0,"4":10},"f":{"0":0},"b":{"0":[0,0]},"inputSourceMap":null,"_coverageSchema":"1a1c01bbd47fc00a2c39e90264f33305004495a9","hash":"4f9086f9a9f7b4e905c655d194f73b857ac57d3d"}
,"/Users/j3mpa/Projects/packages/solid-hammers/functions/assert/isTrue.ts": {"path":"/Users/j3mpa/Projects/packages/solid-hammers/functions/assert/isTrue.ts","statementMap":{"0":{"start":{"line":2,"column":0},"end":{"line":2,"column":62}},"1":{"start":{"line":3,"column":22},"end":{"line":3,"column":46}},"2":{"start":{"line":4,"column":15},"end":{"line":4,"column":65}},"3":{"start":{"line":4,"column":26},"end":{"line":4,"column":65}},"4":{"start":{"line":5,"column":0},"end":{"line":5,"column":25}}},"fnMap":{"0":{"name":"(anonymous_0)","decl":{"start":{"line":4,"column":15},"end":{"line":4,"column":16}},"loc":{"start":{"line":4,"column":26},"end":{"line":4,"column":65}},"line":4}},"branchMap":{},"s":{"0":10,"1":10,"2":10,"3":0,"4":10},"f":{"0":0},"b":{},"inputSourceMap":null,"_coverageSchema":"1a1c01bbd47fc00a2c39e90264f33305004495a9","hash":"6642eb00dd9c1c66a2217899629f4180e7430ac5"}
,"/Users/j3mpa/Projects/packages/solid-hammers/functions/assert/isTruthy.ts": {"path":"/Users/j3mpa/Projects/packages/solid-hammers/functions/assert/isTruthy.ts","statementMap":{"0":{"start":{"line":2,"column":0},"end":{"line":2,"column":62}},"1":{"start":{"line":3,"column":17},"end":{"line":3,"column":36}},"2":{"start":{"line":4,"column":0},"end":{"line":4,"column":35}}},"fnMap":{},"branchMap":{},"s":{"0":10,"1":10,"2":10},"f":{},"b":{},"inputSourceMap":null,"_coverageSchema":"1a1c01bbd47fc00a2c39e90264f33305004495a9","hash":"1f9bd30c2325458af8f87c0f352b187f410bfa84"}
,"/Users/j3mpa/Projects/packages/solid-hammers/functions/assert/notEqual.ts": {"path":"/Users/j3mpa/Projects/packages/solid-hammers/functions/assert/notEqual.ts","statementMap":{"0":{"start":{"line":2,"column":0},"end":{"line":2,"column":62}},"1":{"start":{"line":3,"column":17},"end":{"line":3,"column":53}},"2":{"start":{"line":3,"column":37},"end":{"line":3,"column":53}},"3":{"start":{"line":4,"column":0},"end":{"line":4,"column":27}}},"fnMap":{"0":{"name":"(anonymous_0)","decl":{"start":{"line":3,"column":17},"end":{"line":3,"column":18}},"loc":{"start":{"line":3,"column":37},"end":{"line":3,"column":53}},"line":3}},"branchMap":{},"s":{"0":10,"1":10,"2":0,"3":10},"f":{"0":0},"b":{},"inputSourceMap":null,"_coverageSchema":"1a1c01bbd47fc00a2c39e90264f33305004495a9","hash":"02f25b039574d49c4bfb8b7abded5f9923f7198d"}
,"/Users/j3mpa/Projects/packages/solid-hammers/functions/assert/notNullish.ts": {"path":"/Users/j3mpa/Projects/packages/solid-hammers/functions/assert/notNullish.ts","statementMap":{"0":{"start":{"line":2,"column":0},"end":{"line":2,"column":62}},"1":{"start":{"line":3,"column":18},"end":{"line":3,"column":38}},"2":{"start":{"line":4,"column":19},"end":{"line":4,"column":60}},"3":{"start":{"line":4,"column":30},"end":{"line":4,"column":60}},"4":{"start":{"line":5,"column":0},"end":{"line":5,"column":29}}},"fnMap":{"0":{"name":"(anonymous_0)","decl":{"start":{"line":4,"column":19},"end":{"line":4,"column":20}},"loc":{"start":{"line":4,"column":30},"end":{"line":4,"column":60}},"line":4}},"branchMap":{},"s":{"0":12,"1":12,"2":12,"3":10,"4":12},"f":{"0":10},"b":{},"inputSourceMap":null,"_coverageSchema":"1a1c01bbd47fc00a2c39e90264f33305004495a9","hash":"622de8b2b1e389084f9f718febe8ad250396c797"}
,"/Users/j3mpa/Projects/packages/solid-hammers/functions/assert/notNullishOr.ts": {"path":"/Users/j3mpa/Projects/packages/solid-hammers/functions/assert/notNullishOr.ts","statementMap":{"0":{"start":{"line":2,"column":0},"end":{"line":2,"column":62}},"1":{"start":{"line":3,"column":21},"end":{"line":3,"column":44}},"2":{"start":{"line":4,"column":21},"end":{"line":4,"column":103}},"3":{"start":{"line":4,"column":47},"end":{"line":4,"column":102}},"4":{"start":{"line":5,"column":0},"end":{"line":5,"column":31}}},"fnMap":{"0":{"name":"(anonymous_0)","decl":{"start":{"line":4,"column":21},"end":{"line":4,"column":22}},"loc":{"start":{"line":4,"column":47},"end":{"line":4,"column":102}},"line":4}},"branchMap":{"0":{"loc":{"start":{"line":4,"column":47},"end":{"line":4,"column":102}},"type":"cond-expr","locations":[{"start":{"line":4,"column":82},"end":{"line":4,"column":87}},{"start":{"line":4,"column":90},"end":{"line":4,"column":102}}],"line":4}},"s":{"0":11,"1":11,"2":11,"3":5,"4":11},"f":{"0":5},"b":{"0":[3,2]},"inputSourceMap":null,"_coverageSchema":"1a1c01bbd47fc00a2c39e90264f33305004495a9","hash":"1fa8ebe9e713bcf268f456e296d6787f29f1a0b3"}
,"/Users/j3mpa/Projects/packages/solid-hammers/functions/assert/notStrictEqual.ts": {"path":"/Users/j3mpa/Projects/packages/solid-hammers/functions/assert/notStrictEqual.ts","statementMap":{"0":{"start":{"line":2,"column":0},"end":{"line":2,"column":62}},"1":{"start":{"line":3,"column":23},"end":{"line":3,"column":60}},"2":{"start":{"line":3,"column":43},"end":{"line":3,"column":60}},"3":{"start":{"line":4,"column":0},"end":{"line":4,"column":33}}},"fnMap":{"0":{"name":"(anonymous_0)","decl":{"start":{"line":3,"column":23},"end":{"line":3,"column":24}},"loc":{"start":{"line":3,"column":43},"end":{"line":3,"column":60}},"line":3}},"branchMap":{},"s":{"0":10,"1":10,"2":27,"3":10},"f":{"0":27},"b":{},"inputSourceMap":null,"_coverageSchema":"1a1c01bbd47fc00a2c39e90264f33305004495a9","hash":"63a8f2276a53ea368f8af6297850e3fb4fcd0fc5"}
,"/Users/j3mpa/Projects/packages/solid-hammers/functions/assert/nullish.ts": {"path":"/Users/j3mpa/Projects/packages/solid-hammers/functions/assert/nullish.ts","statementMap":{"0":{"start":{"line":2,"column":0},"end":{"line":2,"column":62}},"1":{"start":{"line":3,"column":16},"end":{"line":3,"column":64}},"2":{"start":{"line":3,"column":27},"end":{"line":3,"column":64}},"3":{"start":{"line":4,"column":0},"end":{"line":4,"column":26}}},"fnMap":{"0":{"name":"(anonymous_0)","decl":{"start":{"line":3,"column":16},"end":{"line":3,"column":17}},"loc":{"start":{"line":3,"column":27},"end":{"line":3,"column":64}},"line":3}},"branchMap":{"0":{"loc":{"start":{"line":3,"column":27},"end":{"line":3,"column":64}},"type":"binary-expr","locations":[{"start":{"line":3,"column":27},"end":{"line":3,"column":41}},{"start":{"line":3,"column":45},"end":{"line":3,"column":64}}],"line":3}},"s":{"0":14,"1":14,"2":17,"3":14},"f":{"0":17},"b":{"0":[17,13]},"inputSourceMap":null,"_coverageSchema":"1a1c01bbd47fc00a2c39e90264f33305004495a9","hash":"dc8ace89c1dbf3745aeb3c6f57cf4a6c3a1b199a"}
,"/Users/j3mpa/Projects/packages/solid-hammers/functions/assert/nullishOr.ts": {"path":"/Users/j3mpa/Projects/packages/solid-hammers/functions/assert/nullishOr.ts","statementMap":{"0":{"start":{"line":2,"column":0},"end":{"line":2,"column":62}},"1":{"start":{"line":3,"column":18},"end":{"line":3,"column":38}},"2":{"start":{"line":4,"column":18},"end":{"line":4,"column":97}},"3":{"start":{"line":4,"column":44},"end":{"line":4,"column":96}},"4":{"start":{"line":5,"column":0},"end":{"line":5,"column":28}}},"fnMap":{"0":{"name":"(anonymous_0)","decl":{"start":{"line":4,"column":18},"end":{"line":4,"column":19}},"loc":{"start":{"line":4,"column":44},"end":{"line":4,"column":96}},"line":4}},"branchMap":{"0":{"loc":{"start":{"line":4,"column":44},"end":{"line":4,"column":96}},"type":"cond-expr","locations":[{"start":{"line":4,"column":76},"end":{"line":4,"column":81}},{"start":{"line":4,"column":84},"end":{"line":4,"column":96}}],"line":4}},"s":{"0":11,"1":11,"2":11,"3":2,"4":11},"f":{"0":2},"b":{"0":[2,0]},"inputSourceMap":null,"_coverageSchema":"1a1c01bbd47fc00a2c39e90264f33305004495a9","hash":"8a3a253904cfb3fd0b72423ee6ce59e0be29fcf4"}
,"/Users/j3mpa/Projects/packages/solid-hammers/functions/assert/strictEqual.ts": {"path":"/Users/j3mpa/Projects/packages/solid-hammers/functions/assert/strictEqual.ts","statementMap":{"0":{"start":{"line":2,"column":0},"end":{"line":2,"column":62}},"1":{"start":{"line":3,"column":20},"end":{"line":3,"column":57}},"2":{"start":{"line":3,"column":40},"end":{"line":3,"column":57}},"3":{"start":{"line":4,"column":0},"end":{"line":4,"column":30}}},"fnMap":{"0":{"name":"(anonymous_0)","decl":{"start":{"line":3,"column":20},"end":{"line":3,"column":21}},"loc":{"start":{"line":3,"column":40},"end":{"line":3,"column":57}},"line":3}},"branchMap":{},"s":{"0":11,"1":11,"2":419,"3":11},"f":{"0":419},"b":{},"inputSourceMap":null,"_coverageSchema":"1a1c01bbd47fc00a2c39e90264f33305004495a9","hash":"c168e9f7e4b10e8e5c85bd5d87ae17b45dc90b02"}
,"/Users/j3mpa/Projects/packages/solid-hammers/functions/assert/truthy.ts": {"path":"/Users/j3mpa/Projects/packages/solid-hammers/functions/assert/truthy.ts","statementMap":{"0":{"start":{"line":2,"column":0},"end":{"line":2,"column":62}},"1":{"start":{"line":3,"column":15},"end":{"line":3,"column":33}},"2":{"start":{"line":3,"column":26},"end":{"line":3,"column":33}},"3":{"start":{"line":4,"column":0},"end":{"line":4,"column":25}}},"fnMap":{"0":{"name":"(anonymous_0)","decl":{"start":{"line":3,"column":15},"end":{"line":3,"column":16}},"loc":{"start":{"line":3,"column":26},"end":{"line":3,"column":33}},"line":3}},"branchMap":{},"s":{"0":12,"1":12,"2":22,"3":12},"f":{"0":22},"b":{},"inputSourceMap":null,"_coverageSchema":"1a1c01bbd47fc00a2c39e90264f33305004495a9","hash":"eb373bc5eb98ad3d8233678c281ca13dbcfdb877"}
,"/Users/j3mpa/Projects/packages/solid-hammers/functions/assert/truthyOr.ts": {"path":"/Users/j3mpa/Projects/packages/solid-hammers/functions/assert/truthyOr.ts","statementMap":{"0":{"start":{"line":2,"column":0},"end":{"line":2,"column":62}},"1":{"start":{"line":3,"column":17},"end":{"line":3,"column":36}},"2":{"start":{"line":4,"column":17},"end":{"line":4,"column":95}},"3":{"start":{"line":4,"column":43},"end":{"line":4,"column":94}},"4":{"start":{"line":5,"column":0},"end":{"line":5,"column":27}}},"fnMap":{"0":{"name":"(anonymous_0)","decl":{"start":{"line":4,"column":17},"end":{"line":4,"column":18}},"loc":{"start":{"line":4,"column":43},"end":{"line":4,"column":94}},"line":4}},"branchMap":{"0":{"loc":{"start":{"line":4,"column":43},"end":{"line":4,"column":94}},"type":"cond-expr","locations":[{"start":{"line":4,"column":74},"end":{"line":4,"column":79}},{"start":{"line":4,"column":82},"end":{"line":4,"column":94}}],"line":4}},"s":{"0":11,"1":11,"2":11,"3":11,"4":11},"f":{"0":11},"b":{"0":[6,5]},"inputSourceMap":null,"_coverageSchema":"1a1c01bbd47fc00a2c39e90264f33305004495a9","hash":"24202b7c8c66e254118ea92ae1967f8feb408c19"}
,"/Users/j3mpa/Projects/packages/solid-hammers/functions/invoke/index.ts": {"path":"/Users/j3mpa/Projects/packages/solid-hammers/functions/invoke/index.ts","statementMap":{"0":{"start":{"line":2,"column":0},"end":{"line":2,"column":62}},"1":{"start":{"line":3,"column":0},"end":{"line":3,"column":91}},"2":{"start":{"line":4,"column":20},"end":{"line":4,"column":44}},"3":{"start":{"line":5,"column":0},"end":{"line":5,"column":120}},"4":{"start":{"line":5,"column":85},"end":{"line":5,"column":114}},"5":{"start":{"line":6,"column":20},"end":{"line":6,"column":44}},"6":{"start":{"line":7,"column":0},"end":{"line":7,"column":120}},"7":{"start":{"line":7,"column":85},"end":{"line":7,"column":114}},"8":{"start":{"line":8,"column":17},"end":{"line":8,"column":38}},"9":{"start":{"line":9,"column":0},"end":{"line":9,"column":114}},"10":{"start":{"line":9,"column":82},"end":{"line":9,"column":108}},"11":{"start":{"line":10,"column":19},"end":{"line":10,"column":42}},"12":{"start":{"line":11,"column":0},"end":{"line":11,"column":118}},"13":{"start":{"line":11,"column":84},"end":{"line":11,"column":112}}},"fnMap":{"0":{"name":"(anonymous_0)","decl":{"start":{"line":5,"column":71},"end":{"line":5,"column":72}},"loc":{"start":{"line":5,"column":83},"end":{"line":5,"column":116}},"line":5},"1":{"name":"(anonymous_1)","decl":{"start":{"line":7,"column":71},"end":{"line":7,"column":72}},"loc":{"start":{"line":7,"column":83},"end":{"line":7,"column":116}},"line":7},"2":{"name":"(anonymous_2)","decl":{"start":{"line":9,"column":68},"end":{"line":9,"column":69}},"loc":{"start":{"line":9,"column":80},"end":{"line":9,"column":110}},"line":9},"3":{"name":"(anonymous_3)","decl":{"start":{"line":11,"column":70},"end":{"line":11,"column":71}},"loc":{"start":{"line":11,"column":82},"end":{"line":11,"column":114}},"line":11}},"branchMap":{},"s":{"0":1,"1":1,"2":1,"3":1,"4":0,"5":1,"6":1,"7":0,"8":1,"9":1,"10":0,"11":1,"12":1,"13":0},"f":{"0":0,"1":0,"2":0,"3":0},"b":{},"inputSourceMap":null,"_coverageSchema":"1a1c01bbd47fc00a2c39e90264f33305004495a9","hash":"b72862783c8eef9ccc989a4d4f0b286188186af2"}
,"/Users/j3mpa/Projects/packages/solid-hammers/functions/invoke/invokeAfter.ts": {"path":"/Users/j3mpa/Projects/packages/solid-hammers/functions/invoke/invokeAfter.ts","statementMap":{"0":{"start":{"line":2,"column":0},"end":{"line":2,"column":62}},"1":{"start":{"line":3,"column":17},"end":{"line":3,"column":37}},"2":{"start":{"line":4,"column":20},"end":{"line":14,"column":1}},"3":{"start":{"line":5,"column":4},"end":{"line":7,"column":5}},"4":{"start":{"line":6,"column":8},"end":{"line":6,"column":57}},"5":{"start":{"line":8,"column":14},"end":{"line":8,"column":15}},"6":{"start":{"line":9,"column":16},"end":{"line":9,"column":27}},"7":{"start":{"line":10,"column":4},"end":{"line":13,"column":6}},"8":{"start":{"line":11,"column":8},"end":{"line":12,"column":31}},"9":{"start":{"line":12,"column":12},"end":{"line":12,"column":31}},"10":{"start":{"line":15,"column":0},"end":{"line":15,"column":30}}},"fnMap":{"0":{"name":"(anonymous_0)","decl":{"start":{"line":4,"column":20},"end":{"line":4,"column":21}},"loc":{"start":{"line":4,"column":37},"end":{"line":14,"column":1}},"line":4},"1":{"name":"(anonymous_1)","decl":{"start":{"line":10,"column":11},"end":{"line":10,"column":12}},"loc":{"start":{"line":10,"column":24},"end":{"line":13,"column":5}},"line":10}},"branchMap":{"0":{"loc":{"start":{"line":5,"column":4},"end":{"line":7,"column":5}},"type":"if","locations":[{"start":{"line":5,"column":4},"end":{"line":7,"column":5}},{"start":{},"end":{}}],"line":5},"1":{"loc":{"start":{"line":11,"column":8},"end":{"line":12,"column":31}},"type":"if","locations":[{"start":{"line":11,"column":8},"end":{"line":12,"column":31}},{"start":{},"end":{}}],"line":11}},"s":{"0":2,"1":2,"2":2,"3":9,"4":8,"5":1,"6":1,"7":1,"8":4,"9":2,"10":2},"f":{"0":9,"1":4},"b":{"0":[8,1],"1":[2,2]},"inputSourceMap":null,"_coverageSchema":"1a1c01bbd47fc00a2c39e90264f33305004495a9","hash":"bf3329ded329c629ee665f8c6a1116131ad012ac"}
,"/Users/j3mpa/Projects/packages/solid-hammers/functions/invoke/invokeOn.ts": {"path":"/Users/j3mpa/Projects/packages/solid-hammers/functions/invoke/invokeOn.ts","statementMap":{"0":{"start":{"line":2,"column":0},"end":{"line":2,"column":62}},"1":{"start":{"line":3,"column":17},"end":{"line":3,"column":37}},"2":{"start":{"line":4,"column":17},"end":{"line":14,"column":1}},"3":{"start":{"line":5,"column":4},"end":{"line":7,"column":5}},"4":{"start":{"line":6,"column":8},"end":{"line":6,"column":57}},"5":{"start":{"line":8,"column":14},"end":{"line":8,"column":15}},"6":{"start":{"line":9,"column":16},"end":{"line":9,"column":27}},"7":{"start":{"line":10,"column":4},"end":{"line":13,"column":6}},"8":{"start":{"line":11,"column":8},"end":{"line":12,"column":31}},"9":{"start":{"line":12,"column":12},"end":{"line":12,"column":31}},"10":{"start":{"line":15,"column":0},"end":{"line":15,"column":27}}},"fnMap":{"0":{"name":"(anonymous_0)","decl":{"start":{"line":4,"column":17},"end":{"line":4,"column":18}},"loc":{"start":{"line":4,"column":34},"end":{"line":14,"column":1}},"line":4},"1":{"name":"(anonymous_1)","decl":{"start":{"line":10,"column":11},"end":{"line":10,"column":12}},"loc":{"start":{"line":10,"column":24},"end":{"line":13,"column":5}},"line":10}},"branchMap":{"0":{"loc":{"start":{"line":5,"column":4},"end":{"line":7,"column":5}},"type":"if","locations":[{"start":{"line":5,"column":4},"end":{"line":7,"column":5}},{"start":{},"end":{}}],"line":5},"1":{"loc":{"start":{"line":11,"column":8},"end":{"line":12,"column":31}},"type":"if","locations":[{"start":{"line":11,"column":8},"end":{"line":12,"column":31}},{"start":{},"end":{}}],"line":11}},"s":{"0":3,"1":3,"2":3,"3":10,"4":8,"5":2,"6":2,"7":2,"8":8,"9":2,"10":3},"f":{"0":10,"1":8},"b":{"0":[8,2],"1":[2,6]},"inputSourceMap":null,"_coverageSchema":"1a1c01bbd47fc00a2c39e90264f33305004495a9","hash":"dbfc127af6aa43f3674137266e4981986b8bedfc"}
,"/Users/j3mpa/Projects/packages/solid-hammers/functions/invoke/invokeOnce.ts": {"path":"/Users/j3mpa/Projects/packages/solid-hammers/functions/invoke/invokeOnce.ts","statementMap":{"0":{"start":{"line":2,"column":0},"end":{"line":2,"column":62}},"1":{"start":{"line":3,"column":19},"end":{"line":3,"column":40}},"2":{"start":{"line":4,"column":19},"end":{"line":4,"column":57}},"3":{"start":{"line":4,"column":27},"end":{"line":4,"column":57}},"4":{"start":{"line":5,"column":0},"end":{"line":5,"column":29}}},"fnMap":{"0":{"name":"(anonymous_0)","decl":{"start":{"line":4,"column":19},"end":{"line":4,"column":20}},"loc":{"start":{"line":4,"column":27},"end":{"line":4,"column":57}},"line":4}},"branchMap":{},"s":{"0":2,"1":2,"2":2,"3":1,"4":2},"f":{"0":1},"b":{},"inputSourceMap":null,"_coverageSchema":"1a1c01bbd47fc00a2c39e90264f33305004495a9","hash":"ba95a874879c15e80614e806569a7f8df219265b"}
,"/Users/j3mpa/Projects/packages/solid-hammers/functions/invoke/invokeUntil.ts": {"path":"/Users/j3mpa/Projects/packages/solid-hammers/functions/invoke/invokeUntil.ts","statementMap":{"0":{"start":{"line":2,"column":0},"end":{"line":2,"column":62}},"1":{"start":{"line":3,"column":17},"end":{"line":3,"column":37}},"2":{"start":{"line":4,"column":20},"end":{"line":14,"column":1}},"3":{"start":{"line":5,"column":4},"end":{"line":7,"column":5}},"4":{"start":{"line":6,"column":8},"end":{"line":6,"column":57}},"5":{"start":{"line":8,"column":14},"end":{"line":8,"column":15}},"6":{"start":{"line":9,"column":16},"end":{"line":9,"column":27}},"7":{"start":{"line":10,"column":4},"end":{"line":13,"column":6}},"8":{"start":{"line":11,"column":8},"end":{"line":12,"column":31}},"9":{"start":{"line":12,"column":12},"end":{"line":12,"column":31}},"10":{"start":{"line":15,"column":0},"end":{"line":15,"column":30}}},"fnMap":{"0":{"name":"(anonymous_0)","decl":{"start":{"line":4,"column":20},"end":{"line":4,"column":21}},"loc":{"start":{"line":4,"column":37},"end":{"line":14,"column":1}},"line":4},"1":{"name":"(anonymous_1)","decl":{"start":{"line":10,"column":11},"end":{"line":10,"column":12}},"loc":{"start":{"line":10,"column":24},"end":{"line":13,"column":5}},"line":10}},"branchMap":{"0":{"loc":{"start":{"line":5,"column":4},"end":{"line":7,"column":5}},"type":"if","locations":[{"start":{"line":5,"column":4},"end":{"line":7,"column":5}},{"start":{},"end":{}}],"line":5},"1":{"loc":{"start":{"line":11,"column":8},"end":{"line":12,"column":31}},"type":"if","locations":[{"start":{"line":11,"column":8},"end":{"line":12,"column":31}},{"start":{},"end":{}}],"line":11}},"s":{"0":2,"1":2,"2":2,"3":9,"4":8,"5":1,"6":1,"7":1,"8":4,"9":3,"10":2},"f":{"0":9,"1":4},"b":{"0":[8,1],"1":[3,1]},"inputSourceMap":null,"_coverageSchema":"1a1c01bbd47fc00a2c39e90264f33305004495a9","hash":"25217a9fd402db76ef8ce27663915066dd73c6d5"}
,"/Users/j3mpa/Projects/packages/solid-hammers/functions/object/getValue.ts": {"path":"/Users/j3mpa/Projects/packages/solid-hammers/functions/object/getValue.ts","statementMap":{"0":{"start":{"line":2,"column":0},"end":{"line":2,"column":62}},"1":{"start":{"line":3,"column":17},"end":{"line":3,"column":37}},"2":{"start":{"line":4,"column":17},"end":{"line":14,"column":1}},"3":{"start":{"line":5,"column":16},"end":{"line":5,"column":22}},"4":{"start":{"line":6,"column":4},"end":{"line":12,"column":5}},"5":{"start":{"line":7,"column":8},"end":{"line":10,"column":9}},"6":{"start":{"line":8,"column":12},"end":{"line":8,"column":77}},"7":{"start":{"line":9,"column":12},"end":{"line":9,"column":21}},"8":{"start":{"line":11,"column":8},"end":{"line":11,"column":14}},"9":{"start":{"line":13,"column":4},"end":{"line":13,"column":17}},"10":{"start":{"line":15,"column":0},"end":{"line":15,"column":27}}},"fnMap":{"0":{"name":"(anonymous_0)","decl":{"start":{"line":4,"column":17},"end":{"line":4,"column":18}},"loc":{"start":{"line":4,"column":35},"end":{"line":14,"column":1}},"line":4}},"branchMap":{"0":{"loc":{"start":{"line":7,"column":8},"end":{"line":10,"column":9}},"type":"if","locations":[{"start":{"line":7,"column":8},"end":{"line":10,"column":9}},{"start":{},"end":{}}],"line":7},"1":{"loc":{"start":{"line":8,"column":20},"end":{"line":8,"column":76}},"type":"cond-expr","locations":[{"start":{"line":8,"column":57},"end":{"line":8,"column":63}},{"start":{"line":8,"column":66},"end":{"line":8,"column":76}}],"line":8},"2":{"loc":{"start":{"line":8,"column":20},"end":{"line":8,"column":54}},"type":"binary-expr","locations":[{"start":{"line":8,"column":20},"end":{"line":8,"column":34}},{"start":{"line":8,"column":38},"end":{"line":8,"column":54}}],"line":8}},"s":{"0":3,"1":3,"2":3,"3":13,"4":13,"5":27,"6":23,"7":23,"8":4,"9":13,"10":3},"f":{"0":13},"b":{"0":[23,4],"1":[0,23],"2":[23,23]},"inputSourceMap":null,"_coverageSchema":"1a1c01bbd47fc00a2c39e90264f33305004495a9","hash":"3658d845a15be22125627619fac0cc1f1ecb7756"}
,"/Users/j3mpa/Projects/packages/solid-hammers/functions/object/getValueOr.ts": {"path":"/Users/j3mpa/Projects/packages/solid-hammers/functions/object/getValueOr.ts","statementMap":{"0":{"start":{"line":2,"column":0},"end":{"line":2,"column":62}},"1":{"start":{"line":3,"column":19},"end":{"line":3,"column":40}},"2":{"start":{"line":4,"column":19},"end":{"line":9,"column":1}},"3":{"start":{"line":5,"column":23},"end":{"line":5,"column":60}},"4":{"start":{"line":6,"column":4},"end":{"line":7,"column":28}},"5":{"start":{"line":7,"column":8},"end":{"line":7,"column":28}},"6":{"start":{"line":8,"column":4},"end":{"line":8,"column":22}},"7":{"start":{"line":10,"column":0},"end":{"line":10,"column":29}}},"fnMap":{"0":{"name":"(anonymous_0)","decl":{"start":{"line":4,"column":19},"end":{"line":4,"column":20}},"loc":{"start":{"line":4,"column":51},"end":{"line":9,"column":1}},"line":4}},"branchMap":{"0":{"loc":{"start":{"line":6,"column":4},"end":{"line":7,"column":28}},"type":"if","locations":[{"start":{"line":6,"column":4},"end":{"line":7,"column":28}},{"start":{},"end":{}}],"line":6}},"s":{"0":2,"1":2,"2":2,"3":5,"4":5,"5":2,"6":3,"7":2},"f":{"0":5},"b":{"0":[2,3]},"inputSourceMap":null,"_coverageSchema":"1a1c01bbd47fc00a2c39e90264f33305004495a9","hash":"88d67d9279744e5b506f47e3b15929ea85864c62"}
,"/Users/j3mpa/Projects/packages/solid-hammers/functions/object/hasDepth.ts": {"path":"/Users/j3mpa/Projects/packages/solid-hammers/functions/object/hasDepth.ts","statementMap":{"0":{"start":{"line":2,"column":0},"end":{"line":2,"column":62}},"1":{"start":{"line":3,"column":17},"end":{"line":6,"column":34}},"2":{"start":{"line":3,"column":29},"end":{"line":6,"column":34}},"3":{"start":{"line":7,"column":0},"end":{"line":7,"column":27}}},"fnMap":{"0":{"name":"(anonymous_0)","decl":{"start":{"line":3,"column":17},"end":{"line":3,"column":18}},"loc":{"start":{"line":3,"column":29},"end":{"line":6,"column":34}},"line":3}},"branchMap":{"0":{"loc":{"start":{"line":3,"column":29},"end":{"line":6,"column":34}},"type":"binary-expr","locations":[{"start":{"line":3,"column":29},"end":{"line":3,"column":55}},{"start":{"line":4,"column":4},"end":{"line":4,"column":19}},{"start":{"line":5,"column":4},"end":{"line":5,"column":26}},{"start":{"line":6,"column":4},"end":{"line":6,"column":34}}],"line":3}},"s":{"0":2,"1":2,"2":5,"3":2},"f":{"0":5},"b":{"0":[5,4,3,2]},"inputSourceMap":null,"_coverageSchema":"1a1c01bbd47fc00a2c39e90264f33305004495a9","hash":"3c4935eb020289f4534c598ab7535b60abfd82cb"}
,"/Users/j3mpa/Projects/packages/solid-hammers/functions/object/index.ts": {"path":"/Users/j3mpa/Projects/packages/solid-hammers/functions/object/index.ts","statementMap":{"0":{"start":{"line":2,"column":0},"end":{"line":2,"column":62}},"1":{"start":{"line":3,"column":0},"end":{"line":3,"column":66}},"2":{"start":{"line":4,"column":17},"end":{"line":4,"column":38}},"3":{"start":{"line":5,"column":0},"end":{"line":5,"column":114}},"4":{"start":{"line":5,"column":82},"end":{"line":5,"column":108}},"5":{"start":{"line":6,"column":17},"end":{"line":6,"column":38}},"6":{"start":{"line":7,"column":0},"end":{"line":7,"column":114}},"7":{"start":{"line":7,"column":82},"end":{"line":7,"column":108}},"8":{"start":{"line":8,"column":19},"end":{"line":8,"column":42}},"9":{"start":{"line":9,"column":0},"end":{"line":9,"column":118}},"10":{"start":{"line":9,"column":84},"end":{"line":9,"column":112}}},"fnMap":{"0":{"name":"(anonymous_0)","decl":{"start":{"line":5,"column":68},"end":{"line":5,"column":69}},"loc":{"start":{"line":5,"column":80},"end":{"line":5,"column":110}},"line":5},"1":{"name":"(anonymous_1)","decl":{"start":{"line":7,"column":68},"end":{"line":7,"column":69}},"loc":{"start":{"line":7,"column":80},"end":{"line":7,"column":110}},"line":7},"2":{"name":"(anonymous_2)","decl":{"start":{"line":9,"column":70},"end":{"line":9,"column":71}},"loc":{"start":{"line":9,"column":82},"end":{"line":9,"column":114}},"line":9}},"branchMap":{},"s":{"0":1,"1":1,"2":1,"3":1,"4":0,"5":1,"6":1,"7":0,"8":1,"9":1,"10":0},"f":{"0":0,"1":0,"2":0},"b":{},"inputSourceMap":null,"_coverageSchema":"1a1c01bbd47fc00a2c39e90264f33305004495a9","hash":"eda2ab0535b1e438ec7dc48414b99e3c7a617c8c"}
,"/Users/j3mpa/Projects/packages/solid-hammers/math/Vector2.ts": {"path":"/Users/j3mpa/Projects/packages/solid-hammers/math/Vector2.ts","statementMap":{"0":{"start":{"line":2,"column":0},"end":{"line":2,"column":62}},"1":{"start":{"line":3,"column":17},"end":{"line":3,"column":47}},"2":{"start":{"line":6,"column":8},"end":{"line":8,"column":9}},"3":{"start":{"line":7,"column":12},"end":{"line":7,"column":63}},"4":{"start":{"line":9,"column":8},"end":{"line":9,"column":19}},"5":{"start":{"line":10,"column":8},"end":{"line":10,"column":19}},"6":{"start":{"line":13,"column":8},"end":{"line":13,"column":41}},"7":{"start":{"line":16,"column":8},"end":{"line":16,"column":46}},"8":{"start":{"line":19,"column":8},"end":{"line":19,"column":43}},"9":{"start":{"line":22,"column":8},"end":{"line":22,"column":39}},"10":{"start":{"line":25,"column":8},"end":{"line":25,"column":53}},"11":{"start":{"line":28,"column":8},"end":{"line":28,"column":39}},"12":{"start":{"line":31,"column":8},"end":{"line":31,"column":48}},"13":{"start":{"line":34,"column":8},"end":{"line":34,"column":48}},"14":{"start":{"line":37,"column":19},"end":{"line":37,"column":40}},"15":{"start":{"line":38,"column":19},"end":{"line":38,"column":40}},"16":{"start":{"line":39,"column":8},"end":{"line":39,"column":34}},"17":{"start":{"line":42,"column":8},"end":{"line":42,"column":73}},"18":{"start":{"line":45,"column":8},"end":{"line":45,"column":73}},"19":{"start":{"line":48,"column":8},"end":{"line":53,"column":9}},"20":{"start":{"line":49,"column":12},"end":{"line":49,"column":64}},"21":{"start":{"line":52,"column":12},"end":{"line":52,"column":69}},"22":{"start":{"line":56,"column":23},"end":{"line":56,"column":48}},"23":{"start":{"line":57,"column":8},"end":{"line":57,"column":43}},"24":{"start":{"line":60,"column":8},"end":{"line":60,"column":33}},"25":{"start":{"line":63,"column":8},"end":{"line":63,"column":34}},"26":{"start":{"line":66,"column":8},"end":{"line":66,"column":33}},"27":{"start":{"line":69,"column":8},"end":{"line":69,"column":34}},"28":{"start":{"line":72,"column":8},"end":{"line":72,"column":33}},"29":{"start":{"line":75,"column":8},"end":{"line":77,"column":9}},"30":{"start":{"line":76,"column":12},"end":{"line":76,"column":67}},"31":{"start":{"line":78,"column":23},"end":{"line":78,"column":60}},"32":{"start":{"line":79,"column":8},"end":{"line":79,"column":43}},"33":{"start":{"line":82,"column":8},"end":{"line":82,"column":41}},"34":{"start":{"line":85,"column":0},"end":{"line":85,"column":26}}},"fnMap":{"0":{"name":"(anonymous_0)","decl":{"start":{"line":5,"column":4},"end":{"line":5,"column":5}},"loc":{"start":{"line":5,"column":30},"end":{"line":11,"column":5}},"line":5},"1":{"name":"(anonymous_1)","decl":{"start":{"line":12,"column":4},"end":{"line":12,"column":5}},"loc":{"start":{"line":12,"column":16},"end":{"line":14,"column":5}},"line":12},"2":{"name":"(anonymous_2)","decl":{"start":{"line":15,"column":4},"end":{"line":15,"column":5}},"loc":{"start":{"line":15,"column":21},"end":{"line":17,"column":5}},"line":15},"3":{"name":"(anonymous_3)","decl":{"start":{"line":18,"column":4},"end":{"line":18,"column":5}},"loc":{"start":{"line":18,"column":18},"end":{"line":20,"column":5}},"line":18},"4":{"name":"(anonymous_4)","decl":{"start":{"line":21,"column":4},"end":{"line":21,"column":5}},"loc":{"start":{"line":21,"column":16},"end":{"line":23,"column":5}},"line":21},"5":{"name":"(anonymous_5)","decl":{"start":{"line":24,"column":4},"end":{"line":24,"column":5}},"loc":{"start":{"line":24,"column":23},"end":{"line":26,"column":5}},"line":24},"6":{"name":"(anonymous_6)","decl":{"start":{"line":27,"column":4},"end":{"line":27,"column":5}},"loc":{"start":{"line":27,"column":22},"end":{"line":29,"column":5}},"line":27},"7":{"name":"(anonymous_7)","decl":{"start":{"line":30,"column":4},"end":{"line":30,"column":5}},"loc":{"start":{"line":30,"column":14},"end":{"line":32,"column":5}},"line":30},"8":{"name":"(anonymous_8)","decl":{"start":{"line":33,"column":4},"end":{"line":33,"column":5}},"loc":{"start":{"line":33,"column":14},"end":{"line":35,"column":5}},"line":33},"9":{"name":"(anonymous_9)","decl":{"start":{"line":36,"column":4},"end":{"line":36,"column":5}},"loc":{"start":{"line":36,"column":45},"end":{"line":40,"column":5}},"line":36},"10":{"name":"(anonymous_10)","decl":{"start":{"line":41,"column":4},"end":{"line":41,"column":5}},"loc":{"start":{"line":41,"column":33},"end":{"line":43,"column":5}},"line":41},"11":{"name":"(anonymous_11)","decl":{"start":{"line":44,"column":4},"end":{"line":44,"column":5}},"loc":{"start":{"line":44,"column":38},"end":{"line":46,"column":5}},"line":44},"12":{"name":"(anonymous_12)","decl":{"start":{"line":47,"column":4},"end":{"line":47,"column":5}},"loc":{"start":{"line":47,"column":33},"end":{"line":54,"column":5}},"line":47},"13":{"name":"(anonymous_13)","decl":{"start":{"line":55,"column":4},"end":{"line":55,"column":5}},"loc":{"start":{"line":55,"column":29},"end":{"line":58,"column":5}},"line":55},"14":{"name":"(anonymous_14)","decl":{"start":{"line":59,"column":4},"end":{"line":59,"column":5}},"loc":{"start":{"line":59,"column":18},"end":{"line":61,"column":5}},"line":59},"15":{"name":"(anonymous_15)","decl":{"start":{"line":62,"column":4},"end":{"line":62,"column":5}},"loc":{"start":{"line":62,"column":18},"end":{"line":64,"column":5}},"line":62},"16":{"name":"(anonymous_16)","decl":{"start":{"line":65,"column":4},"end":{"line":65,"column":5}},"loc":{"start":{"line":65,"column":16},"end":{"line":67,"column":5}},"line":65},"17":{"name":"(anonymous_17)","decl":{"start":{"line":68,"column":4},"end":{"line":68,"column":5}},"loc":{"start":{"line":68,"column":18},"end":{"line":70,"column":5}},"line":68},"18":{"name":"(anonymous_18)","decl":{"start":{"line":71,"column":4},"end":{"line":71,"column":5}},"loc":{"start":{"line":71,"column":19},"end":{"line":73,"column":5}},"line":71},"19":{"name":"(anonymous_19)","decl":{"start":{"line":74,"column":4},"end":{"line":74,"column":5}},"loc":{"start":{"line":74,"column":36},"end":{"line":80,"column":5}},"line":74},"20":{"name":"(anonymous_20)","decl":{"start":{"line":81,"column":4},"end":{"line":81,"column":5}},"loc":{"start":{"line":81,"column":29},"end":{"line":83,"column":5}},"line":81}},"branchMap":{"0":{"loc":{"start":{"line":5,"column":16},"end":{"line":5,"column":21}},"type":"default-arg","locations":[{"start":{"line":5,"column":20},"end":{"line":5,"column":21}}],"line":5},"1":{"loc":{"start":{"line":5,"column":23},"end":{"line":5,"column":28}},"type":"default-arg","locations":[{"start":{"line":5,"column":27},"end":{"line":5,"column":28}}],"line":5},"2":{"loc":{"start":{"line":6,"column":8},"end":{"line":8,"column":9}},"type":"if","locations":[{"start":{"line":6,"column":8},"end":{"line":8,"column":9}},{"start":{},"end":{}}],"line":6},"3":{"loc":{"start":{"line":48,"column":8},"end":{"line":53,"column":9}},"type":"if","locations":[{"start":{"line":48,"column":8},"end":{"line":53,"column":9}},{"start":{"line":51,"column":13},"end":{"line":53,"column":9}}],"line":48},"4":{"loc":{"start":{"line":75,"column":8},"end":{"line":77,"column":9}},"type":"if","locations":[{"start":{"line":75,"column":8},"end":{"line":77,"column":9}},{"start":{},"end":{}}],"line":75}},"s":{"0":1,"1":1,"2":64,"3":18,"4":46,"5":46,"6":1,"7":1,"8":8,"9":1,"10":4,"11":1,"12":1,"13":1,"14":8,"15":8,"16":8,"17":2,"18":2,"19":17,"20":14,"21":3,"22":2,"23":2,"24":1,"25":1,"26":1,"27":1,"28":1,"29":8,"30":7,"31":1,"32":1,"33":3,"34":1},"f":{"0":64,"1":1,"2":1,"3":8,"4":1,"5":4,"6":1,"7":1,"8":1,"9":8,"10":2,"11":2,"12":17,"13":2,"14":1,"15":1,"16":1,"17":1,"18":1,"19":8,"20":3},"b":{"0":[2],"1":[2],"2":[18,46],"3":[14,3],"4":[7,1]},"inputSourceMap":null,"_coverageSchema":"1a1c01bbd47fc00a2c39e90264f33305004495a9","hash":"77bf53b520ac8fe2b8be4c1c355d70a71e0ea5b8"}
,"/Users/j3mpa/Projects/packages/solid-hammers/math/average.ts": {"path":"/Users/j3mpa/Projects/packages/solid-hammers/math/average.ts","statementMap":{"0":{"start":{"line":2,"column":0},"end":{"line":2,"column":62}},"1":{"start":{"line":3,"column":23},"end":{"line":3,"column":66}},"2":{"start":{"line":4,"column":17},"end":{"line":4,"column":54}},"3":{"start":{"line":5,"column":18},"end":{"line":5,"column":56}},"4":{"start":{"line":6,"column":23},"end":{"line":8,"column":1}},"5":{"start":{"line":7,"column":4},"end":{"line":7,"column":57}},"6":{"start":{"line":9,"column":25},"end":{"line":9,"column":90}},"7":{"start":{"line":9,"column":34},"end":{"line":9,"column":90}},"8":{"start":{"line":10,"column":16},"end":{"line":17,"column":5}},"9":{"start":{"line":10,"column":30},"end":{"line":17,"column":5}},"10":{"start":{"line":11,"column":4},"end":{"line":11,"column":68}},"11":{"start":{"line":12,"column":16},"end":{"line":12,"column":26}},"12":{"start":{"line":13,"column":19},"end":{"line":13,"column":32}},"13":{"start":{"line":14,"column":4},"end":{"line":15,"column":36}},"14":{"start":{"line":15,"column":8},"end":{"line":15,"column":36}},"15":{"start":{"line":16,"column":4},"end":{"line":16,"column":24}},"16":{"start":{"line":18,"column":0},"end":{"line":18,"column":26}}},"fnMap":{"0":{"name":"(anonymous_0)","decl":{"start":{"line":6,"column":23},"end":{"line":6,"column":24}},"loc":{"start":{"line":6,"column":32},"end":{"line":8,"column":1}},"line":6},"1":{"name":"(anonymous_1)","decl":{"start":{"line":9,"column":25},"end":{"line":9,"column":26}},"loc":{"start":{"line":9,"column":34},"end":{"line":9,"column":90}},"line":9},"2":{"name":"(anonymous_2)","decl":{"start":{"line":10,"column":16},"end":{"line":10,"column":17}},"loc":{"start":{"line":10,"column":30},"end":{"line":17,"column":5}},"line":10},"3":{"name":"(anonymous_3)","decl":{"start":{"line":10,"column":46},"end":{"line":10,"column":47}},"loc":{"start":{"line":10,"column":71},"end":{"line":17,"column":1}},"line":10}},"branchMap":{"0":{"loc":{"start":{"line":14,"column":4},"end":{"line":15,"column":36}},"type":"if","locations":[{"start":{"line":14,"column":4},"end":{"line":15,"column":36}},{"start":{},"end":{}}],"line":14}},"s":{"0":1,"1":1,"2":1,"3":1,"4":1,"5":16,"6":1,"7":69,"8":1,"9":20,"10":69,"11":53,"12":53,"13":53,"14":4,"15":49,"16":1},"f":{"0":16,"1":69,"2":20,"3":69},"b":{"0":[4,49]},"inputSourceMap":null,"_coverageSchema":"1a1c01bbd47fc00a2c39e90264f33305004495a9","hash":"1733d0b345851739adad3eab45e3afc216e1d993"}
,"/Users/j3mpa/Projects/packages/solid-hammers/math/isEven.ts": {"path":"/Users/j3mpa/Projects/packages/solid-hammers/math/isEven.ts","statementMap":{"0":{"start":{"line":2,"column":0},"end":{"line":2,"column":62}},"1":{"start":{"line":3,"column":20},"end":{"line":3,"column":43}},"2":{"start":{"line":4,"column":15},"end":{"line":4,"column":70}},"3":{"start":{"line":4,"column":27},"end":{"line":4,"column":70}},"4":{"start":{"line":5,"column":0},"end":{"line":5,"column":25}}},"fnMap":{"0":{"name":"(anonymous_0)","decl":{"start":{"line":4,"column":15},"end":{"line":4,"column":16}},"loc":{"start":{"line":4,"column":27},"end":{"line":4,"column":70}},"line":4}},"branchMap":{},"s":{"0":1,"1":1,"2":1,"3":5,"4":1},"f":{"0":5},"b":{},"inputSourceMap":null,"_coverageSchema":"1a1c01bbd47fc00a2c39e90264f33305004495a9","hash":"cf26348ee3ff5c760c6d22bd22d34ea5b2017464"}
,"/Users/j3mpa/Projects/packages/solid-hammers/math/isOdd.ts": {"path":"/Users/j3mpa/Projects/packages/solid-hammers/math/isOdd.ts","statementMap":{"0":{"start":{"line":2,"column":0},"end":{"line":2,"column":62}},"1":{"start":{"line":3,"column":20},"end":{"line":3,"column":43}},"2":{"start":{"line":4,"column":17},"end":{"line":4,"column":36}},"3":{"start":{"line":5,"column":14},"end":{"line":5,"column":81}},"4":{"start":{"line":5,"column":26},"end":{"line":5,"column":81}},"5":{"start":{"line":6,"column":0},"end":{"line":6,"column":24}}},"fnMap":{"0":{"name":"(anonymous_0)","decl":{"start":{"line":5,"column":14},"end":{"line":5,"column":15}},"loc":{"start":{"line":5,"column":26},"end":{"line":5,"column":81}},"line":5}},"branchMap":{},"s":{"0":1,"1":1,"2":1,"3":1,"4":5,"5":1},"f":{"0":5},"b":{},"inputSourceMap":null,"_coverageSchema":"1a1c01bbd47fc00a2c39e90264f33305004495a9","hash":"2d93c112b96a3f95e91cb6d030e0a6499f231dfb"}
,"/Users/j3mpa/Projects/packages/solid-hammers/math/median.ts": {"path":"/Users/j3mpa/Projects/packages/solid-hammers/math/median.ts","statementMap":{"0":{"start":{"line":2,"column":0},"end":{"line":2,"column":62}},"1":{"start":{"line":3,"column":16},"end":{"line":3,"column":34}},"2":{"start":{"line":4,"column":20},"end":{"line":19,"column":1}},"3":{"start":{"line":5,"column":19},"end":{"line":5,"column":34}},"4":{"start":{"line":6,"column":4},"end":{"line":8,"column":5}},"5":{"start":{"line":7,"column":8},"end":{"line":7,"column":27}},"6":{"start":{"line":9,"column":19},"end":{"line":9,"column":33}},"7":{"start":{"line":10,"column":19},"end":{"line":10,"column":29}},"8":{"start":{"line":11,"column":14},"end":{"line":11,"column":30}},"9":{"start":{"line":12,"column":14},"end":{"line":12,"column":30}},"10":{"start":{"line":13,"column":4},"end":{"line":18,"column":5}},"11":{"start":{"line":14,"column":8},"end":{"line":14,"column":27}},"12":{"start":{"line":17,"column":8},"end":{"line":17,"column":28}},"13":{"start":{"line":20,"column":19},"end":{"line":24,"column":1}},"14":{"start":{"line":21,"column":19},"end":{"line":21,"column":34}},"15":{"start":{"line":22,"column":18},"end":{"line":22,"column":34}},"16":{"start":{"line":23,"column":4},"end":{"line":23,"column":27}},"17":{"start":{"line":25,"column":15},"end":{"line":31,"column":1}},"18":{"start":{"line":26,"column":19},"end":{"line":26,"column":60}},"19":{"start":{"line":26,"column":52},"end":{"line":26,"column":59}},"20":{"start":{"line":27,"column":16},"end":{"line":27,"column":51}},"21":{"start":{"line":28,"column":4},"end":{"line":29,"column":34}},"22":{"start":{"line":29,"column":8},"end":{"line":29,"column":34}},"23":{"start":{"line":30,"column":4},"end":{"line":30,"column":31}},"24":{"start":{"line":32,"column":0},"end":{"line":32,"column":25}}},"fnMap":{"0":{"name":"(anonymous_0)","decl":{"start":{"line":4,"column":20},"end":{"line":4,"column":21}},"loc":{"start":{"line":4,"column":34},"end":{"line":19,"column":1}},"line":4},"1":{"name":"(anonymous_1)","decl":{"start":{"line":20,"column":19},"end":{"line":20,"column":20}},"loc":{"start":{"line":20,"column":33},"end":{"line":24,"column":1}},"line":20},"2":{"name":"(anonymous_2)","decl":{"start":{"line":25,"column":15},"end":{"line":25,"column":16}},"loc":{"start":{"line":25,"column":36},"end":{"line":31,"column":1}},"line":25},"3":{"name":"(anonymous_3)","decl":{"start":{"line":26,"column":40},"end":{"line":26,"column":41}},"loc":{"start":{"line":26,"column":52},"end":{"line":26,"column":59}},"line":26}},"branchMap":{"0":{"loc":{"start":{"line":6,"column":4},"end":{"line":8,"column":5}},"type":"if","locations":[{"start":{"line":6,"column":4},"end":{"line":8,"column":5}},{"start":{},"end":{}}],"line":6},"1":{"loc":{"start":{"line":13,"column":4},"end":{"line":18,"column":5}},"type":"if","locations":[{"start":{"line":13,"column":4},"end":{"line":18,"column":5}},{"start":{"line":16,"column":9},"end":{"line":18,"column":5}}],"line":13},"2":{"loc":{"start":{"line":13,"column":8},"end":{"line":13,"column":14}},"type":"binary-expr","locations":[{"start":{"line":13,"column":8},"end":{"line":13,"column":9}},{"start":{"line":13,"column":13},"end":{"line":13,"column":14}}],"line":13},"3":{"loc":{"start":{"line":28,"column":4},"end":{"line":29,"column":34}},"type":"if","locations":[{"start":{"line":28,"column":4},"end":{"line":29,"column":34}},{"start":{},"end":{}}],"line":28}},"s":{"0":1,"1":1,"2":1,"3":3,"4":3,"5":0,"6":3,"7":3,"8":3,"9":3,"10":3,"11":3,"12":0,"13":1,"14":2,"15":2,"16":2,"17":1,"18":5,"19":21,"20":5,"21":5,"22":2,"23":3,"24":1},"f":{"0":3,"1":2,"2":5,"3":21},"b":{"0":[0,3],"1":[3,0],"2":[3,3],"3":[2,3]},"inputSourceMap":null,"_coverageSchema":"1a1c01bbd47fc00a2c39e90264f33305004495a9","hash":"d90cd7308488eec5e14fda307437e04fa72d3059"}
}
