TN:
SF:functions/index.ts
FN:2,(anonymous_0)
FN:4,(anonymous_1)
FN:5,(anonymous_2)
FN:9,(anonymous_3)
FNF:4
FNH:3
FNDA:37,(anonymous_0)
FNDA:10,(anonymous_1)
FNDA:0,(anonymous_2)
FNDA:3,(anonymous_3)
DA:2,1
DA:3,37
DA:4,37
DA:6,0
DA:7,0
DA:9,1
DA:10,37
DA:12,1
DA:13,1
DA:14,1
DA:15,1
LF:11
LH:9
BRDA:2,0,0,1
BRDA:2,0,1,1
BRDA:2,0,2,1
BRDA:2,1,0,1
BRDA:2,1,1,0
BRDA:3,2,0,37
BRDA:3,2,1,0
BRDA:6,3,0,0
BRDA:6,3,1,0
BRDA:9,4,0,1
BRDA:9,4,1,1
BRDA:9,4,2,1
BRDA:10,5,0,37
BRDA:10,5,1,0
BRDA:10,6,0,37
BRDA:10,6,1,37
BRF:16
BRH:11
end_of_record
TN:
SF:functions/assert/equal.ts
FN:3,(anonymous_0)
FNF:1
FNH:0
FNDA:0,(anonymous_0)
DA:2,10
DA:3,10
DA:4,10
LF:3
LH:3
BRF:0
BRH:0
end_of_record
TN:
SF:functions/assert/falsy.ts
FN:3,(anonymous_0)
FNF:1
FNH:1
FNDA:22,(anonymous_0)
DA:2,12
DA:3,22
DA:4,12
LF:3
LH:3
BRF:0
BRH:0
end_of_record
TN:
SF:functions/assert/falsyOr.ts
FN:4,(anonymous_0)
FNF:1
FNH:1
FNDA:11,(anonymous_0)
DA:2,11
DA:3,11
DA:4,11
DA:5,11
LF:4
LH:4
BRDA:4,0,0,5
BRDA:4,0,1,6
BRF:2
BRH:2
end_of_record
TN:
SF:functions/assert/ifThis.ts
FN:4,(anonymous_0)
FNF:1
FNH:1
FNDA:69,(anonymous_0)
DA:2,11
DA:3,11
DA:4,11
DA:5,69
DA:6,69
DA:7,16
DA:9,11
LF:7
LH:7
BRDA:5,0,0,69
BRDA:5,0,1,0
BRDA:6,1,0,16
BRDA:6,1,1,53
BRF:4
BRH:3
end_of_record
TN:
SF:functions/assert/index.ts
FN:5,(anonymous_0)
FN:7,(anonymous_1)
FN:9,(anonymous_2)
FN:11,(anonymous_3)
FN:13,(anonymous_4)
FN:15,(anonymous_5)
FN:17,(anonymous_6)
FN:19,(anonymous_7)
FN:21,(anonymous_8)
FN:23,(anonymous_9)
FN:25,(anonymous_10)
FN:27,(anonymous_11)
FN:29,(anonymous_12)
FN:31,(anonymous_13)
FN:33,(anonymous_14)
FN:35,(anonymous_15)
FN:37,(anonymous_16)
FN:39,(anonymous_17)
FN:41,(anonymous_18)
FN:43,(anonymous_19)
FN:45,(anonymous_20)
FN:47,(anonymous_21)
FN:49,(anonymous_22)
FN:51,(anonymous_23)
FN:53,(anonymous_24)
FN:55,(anonymous_25)
FN:57,(anonymous_26)
FN:59,(anonymous_27)
FN:61,(anonymous_28)
FN:63,(anonymous_29)
FNF:30
FNH:7
FNDA:0,(anonymous_0)
FNDA:0,(anonymous_1)
FNDA:0,(anonymous_2)
FNDA:0,(anonymous_3)
FNDA:0,(anonymous_4)
FNDA:0,(anonymous_5)
FNDA:5,(anonymous_6)
FNDA:0,(anonymous_7)
FNDA:0,(anonymous_8)
FNDA:0,(anonymous_9)
FNDA:0,(anonymous_10)
FNDA:0,(anonymous_11)
FNDA:0,(anonymous_12)
FNDA:20,(anonymous_13)
FNDA:0,(anonymous_14)
FNDA:73,(anonymous_15)
FNDA:64,(anonymous_16)
FNDA:64,(anonymous_17)
FNDA:0,(anonymous_18)
FNDA:0,(anonymous_19)
FNDA:0,(anonymous_20)
FNDA:0,(anonymous_21)
FNDA:0,(anonymous_22)
FNDA:0,(anonymous_23)
FNDA:27,(anonymous_24)
FNDA:0,(anonymous_25)
FNDA:0,(anonymous_26)
FNDA:5,(anonymous_27)
FNDA:0,(anonymous_28)
FNDA:0,(anonymous_29)
DA:2,10
DA:3,10
DA:4,10
DA:5,10
DA:6,10
DA:7,10
DA:8,10
DA:9,10
DA:10,10
DA:11,10
DA:12,10
DA:13,10
DA:14,10
DA:15,10
DA:16,10
DA:17,10
DA:18,10
DA:19,10
DA:20,10
DA:21,10
DA:22,10
DA:23,10
DA:24,10
DA:25,10
DA:26,10
DA:27,10
DA:28,10
DA:29,10
DA:30,10
DA:31,20
DA:32,10
DA:33,10
DA:34,10
DA:35,73
DA:36,10
DA:37,64
DA:38,10
DA:39,64
DA:40,10
DA:41,10
DA:42,10
DA:43,10
DA:44,10
DA:45,10
DA:46,10
DA:47,10
DA:48,10
DA:49,10
DA:50,10
DA:51,10
DA:52,10
DA:53,27
DA:54,10
DA:55,10
DA:56,10
DA:57,10
DA:58,10
DA:59,10
DA:60,10
DA:61,10
DA:62,10
DA:63,10
LF:62
LH:62
BRF:0
BRH:0
end_of_record
TN:
SF:functions/assert/isEqual.ts
FNF:0
FNH:0
DA:2,10
DA:3,10
DA:4,10
LF:3
LH:3
BRF:0
BRH:0
end_of_record
TN:
SF:functions/assert/isFalse.ts
FN:3,(anonymous_0)
FNF:1
FNH:1
FNDA:74,(anonymous_0)
DA:2,11
DA:3,74
DA:4,11
LF:3
LH:3
BRF:0
BRH:0
end_of_record
TN:
SF:functions/assert/isFalsy.ts
FNF:0
FNH:0
DA:2,10
DA:3,10
DA:4,10
LF:3
LH:3
BRF:0
BRH:0
end_of_record
TN:
SF:functions/assert/isFn.ts
FN:4,(anonymous_0)
FNF:1
FNH:1
FNDA:69,(anonymous_0)
DA:2,11
DA:3,11
DA:4,69
DA:5,11
LF:4
LH:4
BRF:0
BRH:0
end_of_record
TN:
SF:functions/assert/isNotEqual.ts
FNF:0
FNH:0
DA:2,10
DA:3,10
DA:4,10
LF:3
LH:3
BRF:0
BRH:0
end_of_record
TN:
SF:functions/assert/isNotNullish.ts
FNF:0
FNH:0
DA:2,10
DA:3,10
DA:4,10
LF:3
LH:3
BRF:0
BRH:0
end_of_record
TN:
SF:functions/assert/isNotStrictEqual.ts
FNF:0
FNH:0
DA:2,10
DA:3,10
DA:4,10
LF:3
LH:3
BRF:0
BRH:0
end_of_record
TN:
SF:functions/assert/isNullish.ts
FNF:0
FNH:0
DA:2,10
DA:3,10
DA:4,10
LF:3
LH:3
BRF:0
BRH:0
end_of_record
TN:
SF:functions/assert/isNumber.ts
FN:4,(anonymous_0)
FNF:1
FNH:1
FNDA:281,(anonymous_0)
DA:2,11
DA:3,11
DA:4,281
DA:5,11
LF:4
LH:4
BRDA:4,0,0,281
BRDA:4,0,1,57
BRF:2
BRH:2
end_of_record
TN:
SF:functions/assert/isNumbers.ts
FN:5,(anonymous_0)
FNF:1
FNH:0
FNDA:0,(anonymous_0)
DA:2,10
DA:3,10
DA:4,10
DA:5,10
DA:8,10
LF:5
LH:5
BRDA:5,0,0,0
BRDA:5,0,1,0
BRDA:5,0,2,0
BRF:3
BRH:0
end_of_record
TN:
SF:functions/assert/isObject.ts
FN:5,(anonymous_0)
FNF:1
FNH:0
FNDA:0,(anonymous_0)
DA:2,10
DA:3,10
DA:4,10
DA:5,10
DA:6,10
LF:5
LH:5
BRDA:5,0,0,0
BRDA:5,0,1,0
BRF:2
BRH:0
end_of_record
TN:
SF:functions/assert/isRealNumber.ts
FN:4,(anonymous_0)
FNF:1
FNH:1
FNDA:261,(anonymous_0)
DA:2,11
DA:3,11
DA:4,261
DA:5,11
LF:4
LH:4
BRDA:4,0,0,261
BRDA:4,0,1,208
BRF:2
BRH:2
end_of_record
TN:
SF:functions/assert/isRealPoint.ts
FN:4,(anonymous_0)
FNF:1
FNH:1
FNDA:64,(anonymous_0)
DA:2,10
DA:3,10
DA:4,64
DA:5,10
LF:4
LH:4
BRDA:4,0,0,64
BRDA:4,0,1,55
BRF:2
BRH:2
end_of_record
TN:
SF:functions/assert/isStrictEqual.ts
FNF:0
FNH:0
DA:2,11
DA:3,11
DA:4,11
LF:3
LH:3
BRF:0
BRH:0
end_of_record
TN:
SF:functions/assert/isString.ts
FN:4,(anonymous_0)
FNF:1
FNH:0
FNDA:0,(anonymous_0)
DA:2,10
DA:3,10
DA:4,10
DA:5,10
LF:4
LH:4
BRDA:4,0,0,0
BRDA:4,0,1,0
BRF:2
BRH:0
end_of_record
TN:
SF:functions/assert/isTrue.ts
FN:4,(anonymous_0)
FNF:1
FNH:0
FNDA:0,(anonymous_0)
DA:2,10
DA:3,10
DA:4,10
DA:5,10
LF:4
LH:4
BRF:0
BRH:0
end_of_record
TN:
SF:functions/assert/isTruthy.ts
FNF:0
FNH:0
DA:2,10
DA:3,10
DA:4,10
LF:3
LH:3
BRF:0
BRH:0
end_of_record
TN:
SF:functions/assert/notEqual.ts
FN:3,(anonymous_0)
FNF:1
FNH:0
FNDA:0,(anonymous_0)
DA:2,10
DA:3,10
DA:4,10
LF:3
LH:3
BRF:0
BRH:0
end_of_record
TN:
SF:functions/assert/notNullish.ts
FN:4,(anonymous_0)
FNF:1
FNH:1
FNDA:10,(anonymous_0)
DA:2,12
DA:3,12
DA:4,12
DA:5,12
LF:4
LH:4
BRF:0
BRH:0
end_of_record
TN:
SF:functions/assert/notNullishOr.ts
FN:4,(anonymous_0)
FNF:1
FNH:1
FNDA:5,(anonymous_0)
DA:2,11
DA:3,11
DA:4,11
DA:5,11
LF:4
LH:4
BRDA:4,0,0,3
BRDA:4,0,1,2
BRF:2
BRH:2
end_of_record
TN:
SF:functions/assert/notStrictEqual.ts
FN:3,(anonymous_0)
FNF:1
FNH:1
FNDA:27,(anonymous_0)
DA:2,10
DA:3,27
DA:4,10
LF:3
LH:3
BRF:0
BRH:0
end_of_record
TN:
SF:functions/assert/nullish.ts
FN:3,(anonymous_0)
FNF:1
FNH:1
FNDA:17,(anonymous_0)
DA:2,14
DA:3,17
DA:4,14
LF:3
LH:3
BRDA:3,0,0,17
BRDA:3,0,1,13
BRF:2
BRH:2
end_of_record
TN:
SF:functions/assert/nullishOr.ts
FN:4,(anonymous_0)
FNF:1
FNH:1
FNDA:2,(anonymous_0)
DA:2,11
DA:3,11
DA:4,11
DA:5,11
LF:4
LH:4
BRDA:4,0,0,2
BRDA:4,0,1,0
BRF:2
BRH:1
end_of_record
TN:
SF:functions/assert/strictEqual.ts
FN:3,(anonymous_0)
FNF:1
FNH:1
FNDA:419,(anonymous_0)
DA:2,11
DA:3,419
DA:4,11
LF:3
LH:3
BRF:0
BRH:0
end_of_record
TN:
SF:functions/assert/truthy.ts
FN:3,(anonymous_0)
FNF:1
FNH:1
FNDA:22,(anonymous_0)
DA:2,12
DA:3,22
DA:4,12
LF:3
LH:3
BRF:0
BRH:0
end_of_record
TN:
SF:functions/assert/truthyOr.ts
FN:4,(anonymous_0)
FNF:1
FNH:1
FNDA:11,(anonymous_0)
DA:2,11
DA:3,11
DA:4,11
DA:5,11
LF:4
LH:4
BRDA:4,0,0,6
BRDA:4,0,1,5
BRF:2
BRH:2
end_of_record
TN:
SF:functions/invoke/index.ts
FN:5,(anonymous_0)
FN:7,(anonymous_1)
FN:9,(anonymous_2)
FN:11,(anonymous_3)
FNF:4
FNH:0
FNDA:0,(anonymous_0)
FNDA:0,(anonymous_1)
FNDA:0,(anonymous_2)
FNDA:0,(anonymous_3)
DA:2,1
DA:3,1
DA:4,1
DA:5,1
DA:6,1
DA:7,1
DA:8,1
DA:9,1
DA:10,1
DA:11,1
LF:10
LH:10
BRF:0
BRH:0
end_of_record
TN:
SF:functions/invoke/invokeAfter.ts
FN:4,(anonymous_0)
FN:10,(anonymous_1)
FNF:2
FNH:2
FNDA:9,(anonymous_0)
FNDA:4,(anonymous_1)
DA:2,2
DA:3,2
DA:4,2
DA:5,9
DA:6,8
DA:8,1
DA:9,1
DA:10,1
DA:11,4
DA:12,2
DA:15,2
LF:11
LH:11
BRDA:5,0,0,8
BRDA:5,0,1,1
BRDA:11,1,0,2
BRDA:11,1,1,2
BRF:4
BRH:4
end_of_record
TN:
SF:functions/invoke/invokeOn.ts
FN:4,(anonymous_0)
FN:10,(anonymous_1)
FNF:2
FNH:2
FNDA:10,(anonymous_0)
FNDA:8,(anonymous_1)
DA:2,3
DA:3,3
DA:4,3
DA:5,10
DA:6,8
DA:8,2
DA:9,2
DA:10,2
DA:11,8
DA:12,2
DA:15,3
LF:11
LH:11
BRDA:5,0,0,8
BRDA:5,0,1,2
BRDA:11,1,0,2
BRDA:11,1,1,6
BRF:4
BRH:4
end_of_record
TN:
SF:functions/invoke/invokeOnce.ts
FN:4,(anonymous_0)
FNF:1
FNH:1
FNDA:1,(anonymous_0)
DA:2,2
DA:3,2
DA:4,2
DA:5,2
LF:4
LH:4
BRF:0
BRH:0
end_of_record
TN:
SF:functions/invoke/invokeUntil.ts
FN:4,(anonymous_0)
FN:10,(anonymous_1)
FNF:2
FNH:2
FNDA:9,(anonymous_0)
FNDA:4,(anonymous_1)
DA:2,2
DA:3,2
DA:4,2
DA:5,9
DA:6,8
DA:8,1
DA:9,1
DA:10,1
DA:11,4
DA:12,3
DA:15,2
LF:11
LH:11
BRDA:5,0,0,8
BRDA:5,0,1,1
BRDA:11,1,0,3
BRDA:11,1,1,1
BRF:4
BRH:4
end_of_record
TN:
SF:functions/object/getValue.ts
FN:4,(anonymous_0)
FNF:1
FNH:1
FNDA:13,(anonymous_0)
DA:2,3
DA:3,3
DA:4,3
DA:5,13
DA:6,13
DA:7,27
DA:8,23
DA:9,23
DA:11,4
DA:13,13
DA:15,3
LF:11
LH:11
BRDA:7,0,0,23
BRDA:7,0,1,4
BRDA:8,1,0,0
BRDA:8,1,1,23
BRDA:8,2,0,23
BRDA:8,2,1,23
BRF:6
BRH:5
end_of_record
TN:
SF:functions/object/getValueOr.ts
FN:4,(anonymous_0)
FNF:1
FNH:1
FNDA:5,(anonymous_0)
DA:2,2
DA:3,2
DA:4,2
DA:5,5
DA:6,5
DA:7,2
DA:8,3
DA:10,2
LF:8
LH:8
BRDA:6,0,0,2
BRDA:6,0,1,3
BRF:2
BRH:2
end_of_record
TN:
SF:functions/object/hasDepth.ts
FN:3,(anonymous_0)
FNF:1
FNH:1
FNDA:5,(anonymous_0)
DA:2,2
DA:3,5
DA:7,2
LF:3
LH:3
BRDA:3,0,0,5
BRDA:3,0,1,4
BRDA:3,0,2,3
BRDA:3,0,3,2
BRF:4
BRH:4
end_of_record
TN:
SF:functions/object/index.ts
FN:5,(anonymous_0)
FN:7,(anonymous_1)
FN:9,(anonymous_2)
FNF:3
FNH:0
FNDA:0,(anonymous_0)
FNDA:0,(anonymous_1)
FNDA:0,(anonymous_2)
DA:2,1
DA:3,1
DA:4,1
DA:5,1
DA:6,1
DA:7,1
DA:8,1
DA:9,1
LF:8
LH:8
BRF:0
BRH:0
end_of_record
TN:
SF:math/Vector2.ts
FN:5,(anonymous_0)
FN:12,(anonymous_1)
FN:15,(anonymous_2)
FN:18,(anonymous_3)
FN:21,(anonymous_4)
FN:24,(anonymous_5)
FN:27,(anonymous_6)
FN:30,(anonymous_7)
FN:33,(anonymous_8)
FN:36,(anonymous_9)
FN:41,(anonymous_10)
FN:44,(anonymous_11)
FN:47,(anonymous_12)
FN:55,(anonymous_13)
FN:59,(anonymous_14)
FN:62,(anonymous_15)
FN:65,(anonymous_16)
FN:68,(anonymous_17)
FN:71,(anonymous_18)
FN:74,(anonymous_19)
FN:81,(anonymous_20)
FNF:21
FNH:21
FNDA:64,(anonymous_0)
FNDA:1,(anonymous_1)
FNDA:1,(anonymous_2)
FNDA:8,(anonymous_3)
FNDA:1,(anonymous_4)
FNDA:4,(anonymous_5)
FNDA:1,(anonymous_6)
FNDA:1,(anonymous_7)
FNDA:1,(anonymous_8)
FNDA:8,(anonymous_9)
FNDA:2,(anonymous_10)
FNDA:2,(anonymous_11)
FNDA:17,(anonymous_12)
FNDA:2,(anonymous_13)
FNDA:1,(anonymous_14)
FNDA:1,(anonymous_15)
FNDA:1,(anonymous_16)
FNDA:1,(anonymous_17)
FNDA:1,(anonymous_18)
FNDA:8,(anonymous_19)
FNDA:3,(anonymous_20)
DA:2,1
DA:3,1
DA:6,64
DA:7,18
DA:9,46
DA:10,46
DA:13,1
DA:16,1
DA:19,8
DA:22,1
DA:25,4
DA:28,1
DA:31,1
DA:34,1
DA:37,8
DA:38,8
DA:39,8
DA:42,2
DA:45,2
DA:48,17
DA:49,14
DA:52,3
DA:56,2
DA:57,2
DA:60,1
DA:63,1
DA:66,1
DA:69,1
DA:72,1
DA:75,8
DA:76,7
DA:78,1
DA:79,1
DA:82,3
DA:85,1
LF:35
LH:35
BRDA:5,0,0,2
BRDA:5,1,0,2
BRDA:6,2,0,18
BRDA:6,2,1,46
BRDA:48,3,0,14
BRDA:48,3,1,3
BRDA:75,4,0,7
BRDA:75,4,1,1
BRF:8
BRH:8
end_of_record
TN:
SF:math/average.ts
FN:6,(anonymous_0)
FN:9,(anonymous_1)
FN:10,(anonymous_2)
FN:10,(anonymous_3)
FNF:4
FNH:4
FNDA:16,(anonymous_0)
FNDA:69,(anonymous_1)
FNDA:20,(anonymous_2)
FNDA:69,(anonymous_3)
DA:2,1
DA:3,1
DA:4,1
DA:5,1
DA:6,1
DA:7,16
DA:9,69
DA:10,20
DA:11,69
DA:12,53
DA:13,53
DA:14,53
DA:15,4
DA:16,49
DA:18,1
LF:15
LH:15
BRDA:14,0,0,4
BRDA:14,0,1,49
BRF:2
BRH:2
end_of_record
TN:
SF:math/isEven.ts
FN:4,(anonymous_0)
FNF:1
FNH:1
FNDA:5,(anonymous_0)
DA:2,1
DA:3,1
DA:4,5
DA:5,1
LF:4
LH:4
BRF:0
BRH:0
end_of_record
TN:
SF:math/isOdd.ts
FN:5,(anonymous_0)
FNF:1
FNH:1
FNDA:5,(anonymous_0)
DA:2,1
DA:3,1
DA:4,1
DA:5,5
DA:6,1
LF:5
LH:5
BRF:0
BRH:0
end_of_record
TN:
SF:math/median.ts
FN:4,(anonymous_0)
FN:20,(anonymous_1)
FN:25,(anonymous_2)
FN:26,(anonymous_3)
FNF:4
FNH:4
FNDA:3,(anonymous_0)
FNDA:2,(anonymous_1)
FNDA:5,(anonymous_2)
FNDA:21,(anonymous_3)
DA:2,1
DA:3,1
DA:4,1
DA:5,3
DA:6,3
DA:7,0
DA:9,3
DA:10,3
DA:11,3
DA:12,3
DA:13,3
DA:14,3
DA:17,0
DA:20,1
DA:21,2
DA:22,2
DA:23,2
DA:25,1
DA:26,21
DA:27,5
DA:28,5
DA:29,2
DA:30,3
DA:32,1
LF:24
LH:22
BRDA:6,0,0,0
BRDA:6,0,1,3
BRDA:13,1,0,3
BRDA:13,1,1,0
BRDA:13,2,0,3
BRDA:13,2,1,3
BRDA:28,3,0,2
BRDA:28,3,1,3
BRF:8
BRH:6
end_of_record
